2025-07-12 11:20:01 [JavaFX-Launcher] INFO  o.s.boot.SpringApplication - Starting application using Java 21.0.7 with PID 5054 (started by randomguy in /home/randomguy/IdeaProjects/Secure Transfer)
2025-07-12 11:20:01 [JavaFX-Launcher] INFO  o.s.boot.SpringApplication - No active profile set, falling back to 1 default profile: "default"
2025-07-12 11:20:01 [JavaFX-Launcher] INFO  o.s.d.r.c.RepositoryConfigurationDelegate - Bootstrapping Spring Data JPA repositories in DEFAULT mode.
2025-07-12 11:20:01 [JavaFX-Launcher] INFO  o.s.d.r.c.RepositoryConfigurationDelegate - Finished Spring Data repository scanning in 39 ms. Found 3 JPA repository interfaces.
2025-07-12 11:20:02 [JavaFX-Launcher] INFO  o.s.b.w.e.tomcat.TomcatWebServer - Tomcat initialized with port 8080 (http)
2025-07-12 11:20:02 [JavaFX-Launcher] INFO  o.a.catalina.core.StandardService - Starting service [Tomcat]
2025-07-12 11:20:02 [JavaFX-Launcher] INFO  o.a.catalina.core.StandardEngine - Starting Servlet engine: [Apache Tomcat/10.1.19]
2025-07-12 11:20:02 [JavaFX-Launcher] INFO  o.a.c.c.C.[Tomcat].[localhost].[/] - Initializing Spring embedded WebApplicationContext
2025-07-12 11:20:02 [JavaFX-Launcher] INFO  o.s.b.w.s.c.ServletWebServerApplicationContext - Root WebApplicationContext: initialization completed in 1140 ms
2025-07-12 11:20:02 [JavaFX-Launcher] INFO  com.zaxxer.hikari.HikariDataSource - HikariPool-1 - Starting...
2025-07-12 11:20:02 [JavaFX-Launcher] INFO  com.zaxxer.hikari.pool.HikariPool - HikariPool-1 - Added connection conn0: url=jdbc:h2:file:./data/securetransfer user=SA
2025-07-12 11:20:02 [JavaFX-Launcher] INFO  com.zaxxer.hikari.HikariDataSource - HikariPool-1 - Start completed.
2025-07-12 11:20:02 [JavaFX-Launcher] INFO  o.s.b.a.h.H2ConsoleAutoConfiguration - H2 console available at '/h2-console'. Database available at 'jdbc:h2:file:./data/securetransfer'
2025-07-12 11:20:02 [JavaFX-Launcher] INFO  o.h.jpa.internal.util.LogHelper - HHH000204: Processing PersistenceUnitInfo [name: default]
2025-07-12 11:20:02 [JavaFX-Launcher] INFO  org.hibernate.Version - HHH000412: Hibernate ORM core version 6.4.4.Final
2025-07-12 11:20:02 [JavaFX-Launcher] INFO  o.h.c.i.RegionFactoryInitiator - HHH000026: Second-level cache disabled
2025-07-12 11:20:02 [JavaFX-Launcher] INFO  o.s.o.j.p.SpringPersistenceUnitInfo - No LoadTimeWeaver setup: ignoring JPA class transformer
2025-07-12 11:20:03 [JavaFX-Launcher] WARN  org.hibernate.orm.deprecation - HHH90000025: H2Dialect does not need to be specified explicitly using 'hibernate.dialect' (remove the property setting and it will be selected by default)
2025-07-12 11:20:03 [JavaFX-Launcher] INFO  o.h.e.t.j.p.i.JtaPlatformInitiator - HHH000489: No JTA platform available (set 'hibernate.transaction.jta.platform' to enable JTA platform integration)
2025-07-12 11:20:03 [JavaFX-Launcher] INFO  o.s.o.j.LocalContainerEntityManagerFactoryBean - Initialized JPA EntityManagerFactory for persistence unit 'default'
2025-07-12 11:20:04 [JavaFX-Launcher] INFO  o.s.d.j.r.query.QueryEnhancerFactory - Hibernate is in classpath; If applicable, HQL parser will be used.
2025-07-12 11:20:04 [JavaFX-Launcher] INFO  c.s.s.impl.EncryptionServiceImpl - Encryption service initialized with provided key
2025-07-12 11:20:04 [JavaFX-Launcher] INFO  c.s.s.i.SecureTransferWebSocketServer - Initializing WebSocket server on port 8445 bound to all interfaces
2025-07-12 11:20:04 [JavaFX-Launcher] WARN  c.s.s.i.SecureTransferWebSocketServer - Could not initialize SSL for WebSocket server, running in non-SSL mode: Unknown object id - S - passed to distinguished name
2025-07-12 11:20:05 [JavaFX-Launcher] INFO  c.s.s.impl.P2PConnectionServiceImpl - Initializing P2P connection service
2025-07-12 11:20:05 [JavaFX-Launcher] INFO  c.s.s.impl.P2PConnectionServiceImpl - P2P server started on port 8444
2025-07-12 11:20:05 [pool-3-thread-1] INFO  c.s.s.impl.P2PConnectionServiceImpl - Listening for incoming P2P connections
2025-07-12 11:20:05 [ForkJoinPool.commonPool-worker-1] INFO  c.s.util.P2PConnectionManager - Attempting to discover connection details via STUN
2025-07-12 11:20:05 [JavaFX-Launcher] WARN  o.s.b.a.o.j.JpaBaseConfiguration$JpaWebConfiguration - spring.jpa.open-in-view is enabled by default. Therefore, database queries may be performed during view rendering. Explicitly configure spring.jpa.open-in-view to disable this warning
2025-07-12 11:20:05 [JavaFX-Launcher] WARN  o.s.b.a.s.s.UserDetailsServiceAutoConfiguration - 

Using generated security password: 68b9bfaa-4e92-4ee1-b6f1-0e189f00f9df

This generated password is for development use only. Your security configuration must be updated before running your application in production.

2025-07-12 11:20:05 [ForkJoinPool.commonPool-worker-1] INFO  JitsiConfig - Initialized newConfig: merge of application.properties @ file:/home/randomguy/IdeaProjects/Secure%20Transfer/target/classes/application.properties,system properties,reference.conf @ jar:file:/home/randomguy/.m2/repository/org/jitsi/ice4j/3.2-9-gb64c86f/ice4j-3.2-9-gb64c86f.jar!/reference.conf: 1
2025-07-12 11:20:05 [ForkJoinPool.commonPool-worker-1] INFO  o.j.c.ReadOnlyConfigurationService - net.java.sip.communicator.SC_HOME_DIR_LOCATION not set
2025-07-12 11:20:05 [ForkJoinPool.commonPool-worker-1] INFO  JitsiConfig - Initialized legacyConfig: sip communicator props (no description provided)
2025-07-12 11:20:05 [JavaFX-Launcher] INFO  o.s.s.web.DefaultSecurityFilterChain - Will secure any request with [org.springframework.security.web.session.DisableEncodeUrlFilter@16b0892, org.springframework.security.web.context.request.async.WebAsyncManagerIntegrationFilter@67d23135, org.springframework.security.web.context.SecurityContextHolderFilter@51437f31, org.springframework.security.web.header.HeaderWriterFilter@568f72a2, org.springframework.web.filter.CorsFilter@1d21638c, org.springframework.security.web.authentication.logout.LogoutFilter@50e053d2, org.springframework.security.web.savedrequest.RequestCacheAwareFilter@436462b7, org.springframework.security.web.servletapi.SecurityContextHolderAwareRequestFilter@62c4c767, org.springframework.security.web.authentication.AnonymousAuthenticationFilter@5c8403ad, org.springframework.security.web.access.ExceptionTranslationFilter@6588ebb6, org.springframework.security.web.access.intercept.AuthorizationFilter@22e896fc]
2025-07-12 11:20:05 [ForkJoinPool.commonPool-worker-1] INFO  o.i.i.h.MappingCandidateHarvesters - Using AwsCandidateHarvester.
2025-07-12 11:20:05 [JavaFX-Launcher] INFO  o.s.b.w.e.tomcat.TomcatWebServer - Tomcat started on port 8080 (http) with context path ''
2025-07-12 11:20:05 [JavaFX-Launcher] INFO  o.s.boot.SpringApplication - Started application in 5.263 seconds (process running for 6.112)
2025-07-12 11:20:05 [scheduling-1] INFO  c.s.s.impl.EncryptionServiceImpl - Encryption key rotated successfully
2025-07-12 11:20:05 [JavaFX-Launcher] INFO  c.s.config.DatabaseStartupListener - Application started - checking database health...
2025-07-12 11:20:05 [scheduling-1] DEBUG c.s.service.impl.TransferServiceImpl - Cleaning up completed transfers
2025-07-12 11:20:05 [scheduling-1] DEBUG org.hibernate.SQL - 
    delete 
    from
        sender_transfers 
    where
        start_time<?
2025-07-12 11:20:05 [scheduling-1] DEBUG org.hibernate.SQL - 
    delete 
    from
        receiver_transfers 
    where
        received_time<?
2025-07-12 11:20:05 [JavaFX-Launcher] DEBUG org.hibernate.SQL - 
    select
        u1_0.id,
        u1_0.active,
        u1_0.created_at,
        u1_0.device_id,
        u1_0.last_login,
        u1_0.password_hash,
        u1_0.user_token,
        u1_0.username 
    from
        users u1_0
2025-07-12 11:20:05 [JavaFX-Launcher] INFO  c.s.util.DatabaseHealthCheck - Database health check: Found 1 users in database
2025-07-12 11:20:05 [JavaFX-Launcher] INFO  c.s.util.DatabaseHealthCheck - Existing users: random
2025-07-12 11:20:06 [JavaFX Application Thread] WARN  javafx.css - CSS Error parsing file:/home/randomguy/IdeaProjects/Secure%20Transfer/target/classes/styles/global.css: Expected '<color>' while parsing '-fx-background-color' at [333,42]
2025-07-12 11:20:06 [ForkJoinPool.commonPool-worker-1] INFO  o.i.i.h.MappingCandidateHarvesters - Discarding a mapping harvester: org.ice4j.ice.harvest.AwsCandidateHarvester@5f74fded
2025-07-12 11:20:06 [ForkJoinPool.commonPool-worker-1] INFO  o.i.i.h.MappingCandidateHarvesters - Initialized mapping harvesters (delay=636ms).  stunDiscoveryFailed=false
2025-07-12 11:20:06 [ForkJoinPool.commonPool-worker-1] INFO  c.s.util.P2PConnectionManager - Using ICE port range: 5000-5100, preferred port: 5000
2025-07-12 11:20:06 [ForkJoinPool.commonPool-worker-1] INFO  org.ice4j.ice.Agent - Gathering candidates for component data.RTP.
2025-07-12 11:20:06 [pool-6-thread-1] INFO  o.i.ice.harvest.StunCandidateHarvest - Failed to send BINDING-REQUEST(0x1)[attrib.count=2 len=24 tranID=0xED4821FD97015BBC6AB659E7] through 192.168.1.101:5000/udp to stun.ideasip.com:3478/udp
java.lang.IllegalArgumentException: unresolved address
	at java.base/java.net.DatagramPacket.setSocketAddress(DatagramPacket.java:351)
	at java.base/java.net.DatagramPacket.<init>(DatagramPacket.java:161)
	at org.ice4j.stack.Connector.sendMessage(Connector.java:326)
	at org.ice4j.stack.NetAccessManager.sendMessage(NetAccessManager.java:634)
	at org.ice4j.stack.NetAccessManager.sendMessage(NetAccessManager.java:581)
	at org.ice4j.stack.StunClientTransaction.sendRequest0(StunClientTransaction.java:267)
	at org.ice4j.stack.StunClientTransaction.sendRequest(StunClientTransaction.java:245)
	at org.ice4j.stack.StunStack.sendRequest(StunStack.java:680)
	at org.ice4j.stack.StunStack.sendRequest(StunStack.java:618)
	at org.ice4j.ice.harvest.StunCandidateHarvest.sendRequest(StunCandidateHarvest.java:1300)
	at org.ice4j.ice.harvest.StunCandidateHarvest.startResolvingCandidate(StunCandidateHarvest.java:1405)
	at org.ice4j.ice.harvest.StunCandidateHarvester.startResolvingCandidate(StunCandidateHarvester.java:340)
	at org.ice4j.ice.harvest.StunCandidateHarvester.harvest(StunCandidateHarvester.java:252)
	at org.ice4j.ice.harvest.CandidateHarvesterSetElement.harvest(CandidateHarvesterSetElement.java:86)
	at org.ice4j.ice.harvest.CandidateHarvesterSetTask.run(CandidateHarvesterSetTask.java:107)
	at java.base/java.util.concurrent.Executors$RunnableAdapter.call(Executors.java:572)
	at java.base/java.util.concurrent.FutureTask.run(FutureTask.java:317)
	at java.base/java.util.concurrent.ThreadPoolExecutor.runWorker(ThreadPoolExecutor.java:1144)
	at java.base/java.util.concurrent.ThreadPoolExecutor$Worker.run(ThreadPoolExecutor.java:642)
	at java.base/java.lang.Thread.run(Thread.java:1583)
2025-07-12 11:20:06 [pool-6-thread-1] INFO  o.i.i.harvest.StunCandidateHarvester - Failed to start resolving host candidate candidate:3 1 udp 2113932031 192.168.1.101 5000 typ host
org.ice4j.StunException: unresolved address
	at org.ice4j.ice.harvest.StunCandidateHarvest.sendRequest(StunCandidateHarvest.java:1321)
	at org.ice4j.ice.harvest.StunCandidateHarvest.startResolvingCandidate(StunCandidateHarvest.java:1405)
	at org.ice4j.ice.harvest.StunCandidateHarvester.startResolvingCandidate(StunCandidateHarvester.java:340)
	at org.ice4j.ice.harvest.StunCandidateHarvester.harvest(StunCandidateHarvester.java:252)
	at org.ice4j.ice.harvest.CandidateHarvesterSetElement.harvest(CandidateHarvesterSetElement.java:86)
	at org.ice4j.ice.harvest.CandidateHarvesterSetTask.run(CandidateHarvesterSetTask.java:107)
	at java.base/java.util.concurrent.Executors$RunnableAdapter.call(Executors.java:572)
	at java.base/java.util.concurrent.FutureTask.run(FutureTask.java:317)
	at java.base/java.util.concurrent.ThreadPoolExecutor.runWorker(ThreadPoolExecutor.java:1144)
	at java.base/java.util.concurrent.ThreadPoolExecutor$Worker.run(ThreadPoolExecutor.java:642)
	at java.base/java.lang.Thread.run(Thread.java:1583)
Caused by: java.lang.IllegalArgumentException: unresolved address
	at java.base/java.net.DatagramPacket.setSocketAddress(DatagramPacket.java:351)
	at java.base/java.net.DatagramPacket.<init>(DatagramPacket.java:161)
	at org.ice4j.stack.Connector.sendMessage(Connector.java:326)
	at org.ice4j.stack.NetAccessManager.sendMessage(NetAccessManager.java:634)
	at org.ice4j.stack.NetAccessManager.sendMessage(NetAccessManager.java:581)
	at org.ice4j.stack.StunClientTransaction.sendRequest0(StunClientTransaction.java:267)
	at org.ice4j.stack.StunClientTransaction.sendRequest(StunClientTransaction.java:245)
	at org.ice4j.stack.StunStack.sendRequest(StunStack.java:680)
	at org.ice4j.stack.StunStack.sendRequest(StunStack.java:618)
	at org.ice4j.ice.harvest.StunCandidateHarvest.sendRequest(StunCandidateHarvest.java:1300)
	... 10 common frames omitted
2025-07-12 11:20:06 [pool-6-thread-1] WARN  o.i.i.harvest.StunCandidateHarvester - harvest did not start, removed: org.ice4j.ice.harvest.StunCandidateHarvest@7f3b7d9a
2025-07-12 11:20:06 [ForkJoinPool.commonPool-worker-1] INFO  org.ice4j.ice.Agent - Start ICE connectivity establishment.
2025-07-12 11:20:06 [ForkJoinPool.commonPool-worker-1] INFO  org.ice4j.ice.Agent - Init checklist for stream data
2025-07-12 11:20:06 [ForkJoinPool.commonPool-worker-1] INFO  org.ice4j.ice.Agent - ICE state changed from Waiting to Running.
2025-07-12 11:20:06 [ForkJoinPool.commonPool-worker-1] INFO  o.ice4j.ice.ConnectivityCheckClient - Start connectivity checks.
2025-07-12 11:20:15 [ForkJoinPool.commonPool-worker-1] WARN  c.s.util.P2PConnectionManager - Could not determine external IP, falling back to local IP
2025-07-12 11:20:15 [ForkJoinPool.commonPool-worker-1] INFO  c.s.s.impl.P2PConnectionServiceImpl - Connection details discovered: ConnectionDetails{localIp='192.168.1.101', externalIp='192.168.1.101', externalPort=8444, portMapped=false, discoveryMethod=LOCAL_ONLY}
2025-07-12 11:20:19 [JavaFX Application Thread] DEBUG org.hibernate.SQL - 
    select
        u1_0.id,
        u1_0.active,
        u1_0.created_at,
        u1_0.device_id,
        u1_0.last_login,
        u1_0.password_hash,
        u1_0.user_token,
        u1_0.username 
    from
        users u1_0 
    where
        u1_0.username=?
2025-07-12 11:20:20 [JavaFX Application Thread] DEBUG org.hibernate.SQL - 
    update
        users 
    set
        active=?,
        created_at=?,
        device_id=?,
        last_login=?,
        password_hash=?,
        user_token=?,
        username=? 
    where
        id=?
2025-07-12 11:20:20 [JavaFX Application Thread] DEBUG org.hibernate.SQL - 
    select
        u1_0.id,
        u1_0.active,
        u1_0.created_at,
        u1_0.device_id,
        u1_0.last_login,
        u1_0.password_hash,
        u1_0.user_token,
        u1_0.username 
    from
        users u1_0 
    where
        u1_0.username=?
2025-07-12 11:20:20 [JavaFX Application Thread] DEBUG com.securetransfer.util.UserSession - New UserSession instance created
2025-07-12 11:20:20 [JavaFX Application Thread] DEBUG com.securetransfer.util.UserSession - Created new UserSession instance
2025-07-12 11:20:20 [JavaFX Application Thread] INFO  com.securetransfer.util.UserSession - Force resetting UserSession instance
2025-07-12 11:20:20 [JavaFX Application Thread] DEBUG com.securetransfer.util.UserSession - New UserSession instance created
2025-07-12 11:20:20 [JavaFX Application Thread] DEBUG com.securetransfer.util.UserSession - Created new UserSession instance
2025-07-12 11:20:20 [JavaFX Application Thread] INFO  com.securetransfer.util.UserSession - Setting current user to: random
2025-07-12 11:20:20 [JavaFX Application Thread] INFO  c.s.controller.ui.LoginController - User session set for: random
2025-07-12 11:20:20 [JavaFX Application Thread] DEBUG c.s.controller.ui.LoginController - Loading main screen with toast
2025-07-12 11:20:20 [JavaFX Application Thread] DEBUG c.s.controller.ui.BaseController - Creating FXML loader for path: /fxml/main.fxml
2025-07-12 11:20:20 [JavaFX Application Thread] INFO  c.s.controller.ui.MainController - SecureTransfer main page initialized successfully
2025-07-12 11:21:54 [JavaFX Application Thread] INFO  c.s.controller.ui.MainController - Showing send files content
2025-07-12 11:21:54 [JavaFX Application Thread] DEBUG c.s.controller.ui.BaseController - Creating FXML loader for path: /fxml/send-files.fxml
2025-07-12 11:21:54 [JavaFX Application Thread] INFO  c.s.c.ui.SendFilesController - SendFilesController initialized
2025-07-12 11:21:54 [JavaFX Application Thread] INFO  c.s.c.ui.SendFilesController - MainController reference set in SendFilesController
2025-07-12 11:21:54 [JavaFX Application Thread] INFO  c.s.controller.ui.MainController - Send files content loaded successfully
2025-07-12 11:21:54 [JavaFX Application Thread] DEBUG c.s.controller.ui.MainController - Active page changed to: send-files
2025-07-12 11:21:59 [JavaFX Application Thread] INFO  c.s.c.ui.SendFilesController - Added file: Answer Key Set A.docx (1139682 bytes)
2025-07-12 11:22:06 [Thread-26] INFO  c.s.s.impl.EncryptionServiceImpl - [ENCRYPTFILE] Running on thread: Thread-26
2025-07-12 11:22:06 [Thread-26] INFO  c.s.s.impl.EncryptionServiceImpl - [ENCRYPTFILE] Input: /home/randomguy/Pathshala/Class 9/First Term Exam/Answer Key/Answer Key Set A.docx (1139682 bytes) Output: /home/randomguy/Pathshala/Class 9/First Term Exam/Answer Key/Answer Key Set A.docx.enc
2025-07-12 11:22:06 [Thread-26] INFO  c.s.s.impl.EncryptionServiceImpl - [ENCRYPTFILE] Progress callback: 0.0
2025-07-12 11:22:06 [Thread-26] INFO  c.s.s.impl.EncryptionServiceImpl - [ENCRYPTFILE] Read 8192 bytes
2025-07-12 11:22:06 [Thread-26] INFO  c.s.s.impl.EncryptionServiceImpl - [ENCRYPTFILE] Wrote 8192 encrypted bytes
2025-07-12 11:22:06 [Thread-26] INFO  c.s.s.impl.EncryptionServiceImpl - [ENCRYPTFILE] Progress callback: 0.00718796997759024
2025-07-12 11:22:06 [Thread-26] INFO  c.s.s.impl.EncryptionServiceImpl - [ENCRYPTFILE] Read 8192 bytes
2025-07-12 11:22:06 [Thread-26] INFO  c.s.s.impl.EncryptionServiceImpl - [ENCRYPTFILE] Wrote 8192 encrypted bytes
2025-07-12 11:22:06 [Thread-26] INFO  c.s.s.impl.EncryptionServiceImpl - [ENCRYPTFILE] Progress callback: 0.01437593995518048
2025-07-12 11:22:06 [Thread-26] INFO  c.s.s.impl.EncryptionServiceImpl - [ENCRYPTFILE] Read 8192 bytes
2025-07-12 11:22:06 [Thread-26] INFO  c.s.s.impl.EncryptionServiceImpl - [ENCRYPTFILE] Wrote 8192 encrypted bytes
2025-07-12 11:22:06 [Thread-26] INFO  c.s.s.impl.EncryptionServiceImpl - [ENCRYPTFILE] Progress callback: 0.02156390993277072
2025-07-12 11:22:06 [Thread-26] INFO  c.s.s.impl.EncryptionServiceImpl - [ENCRYPTFILE] Read 8192 bytes
2025-07-12 11:22:06 [Thread-26] INFO  c.s.s.impl.EncryptionServiceImpl - [ENCRYPTFILE] Wrote 8192 encrypted bytes
2025-07-12 11:22:06 [Thread-26] INFO  c.s.s.impl.EncryptionServiceImpl - [ENCRYPTFILE] Progress callback: 0.02875187991036096
2025-07-12 11:22:06 [Thread-26] INFO  c.s.s.impl.EncryptionServiceImpl - [ENCRYPTFILE] Read 8192 bytes
2025-07-12 11:22:06 [Thread-26] INFO  c.s.s.impl.EncryptionServiceImpl - [ENCRYPTFILE] Wrote 8192 encrypted bytes
2025-07-12 11:22:06 [Thread-26] INFO  c.s.s.impl.EncryptionServiceImpl - [ENCRYPTFILE] Progress callback: 0.0359398498879512
2025-07-12 11:22:06 [Thread-26] INFO  c.s.s.impl.EncryptionServiceImpl - [ENCRYPTFILE] Read 8192 bytes
2025-07-12 11:22:06 [Thread-26] INFO  c.s.s.impl.EncryptionServiceImpl - [ENCRYPTFILE] Wrote 8192 encrypted bytes
2025-07-12 11:22:06 [Thread-26] INFO  c.s.s.impl.EncryptionServiceImpl - [ENCRYPTFILE] Progress callback: 0.04312781986554144
2025-07-12 11:22:06 [Thread-26] INFO  c.s.s.impl.EncryptionServiceImpl - [ENCRYPTFILE] Read 8192 bytes
2025-07-12 11:22:06 [Thread-26] INFO  c.s.s.impl.EncryptionServiceImpl - [ENCRYPTFILE] Wrote 8192 encrypted bytes
2025-07-12 11:22:06 [Thread-26] INFO  c.s.s.impl.EncryptionServiceImpl - [ENCRYPTFILE] Progress callback: 0.05031578984313168
2025-07-12 11:22:06 [Thread-26] INFO  c.s.s.impl.EncryptionServiceImpl - [ENCRYPTFILE] Read 8192 bytes
2025-07-12 11:22:06 [Thread-26] INFO  c.s.s.impl.EncryptionServiceImpl - [ENCRYPTFILE] Wrote 8192 encrypted bytes
2025-07-12 11:22:06 [Thread-26] INFO  c.s.s.impl.EncryptionServiceImpl - [ENCRYPTFILE] Progress callback: 0.05750375982072192
2025-07-12 11:22:06 [Thread-26] INFO  c.s.s.impl.EncryptionServiceImpl - [ENCRYPTFILE] Read 8192 bytes
2025-07-12 11:22:06 [Thread-26] INFO  c.s.s.impl.EncryptionServiceImpl - [ENCRYPTFILE] Wrote 8192 encrypted bytes
2025-07-12 11:22:06 [Thread-26] INFO  c.s.s.impl.EncryptionServiceImpl - [ENCRYPTFILE] Progress callback: 0.06469172979831216
2025-07-12 11:22:06 [Thread-26] INFO  c.s.s.impl.EncryptionServiceImpl - [ENCRYPTFILE] Read 8192 bytes
2025-07-12 11:22:06 [Thread-26] INFO  c.s.s.impl.EncryptionServiceImpl - [ENCRYPTFILE] Wrote 8192 encrypted bytes
2025-07-12 11:22:06 [Thread-26] INFO  c.s.s.impl.EncryptionServiceImpl - [ENCRYPTFILE] Progress callback: 0.0718796997759024
2025-07-12 11:22:06 [Thread-26] INFO  c.s.s.impl.EncryptionServiceImpl - [ENCRYPTFILE] Read 8192 bytes
2025-07-12 11:22:06 [Thread-26] INFO  c.s.s.impl.EncryptionServiceImpl - [ENCRYPTFILE] Wrote 8192 encrypted bytes
2025-07-12 11:22:06 [Thread-26] INFO  c.s.s.impl.EncryptionServiceImpl - [ENCRYPTFILE] Progress callback: 0.07906766975349264
2025-07-12 11:22:06 [Thread-26] INFO  c.s.s.impl.EncryptionServiceImpl - [ENCRYPTFILE] Read 8192 bytes
2025-07-12 11:22:06 [Thread-26] INFO  c.s.s.impl.EncryptionServiceImpl - [ENCRYPTFILE] Wrote 8192 encrypted bytes
2025-07-12 11:22:06 [Thread-26] INFO  c.s.s.impl.EncryptionServiceImpl - [ENCRYPTFILE] Progress callback: 0.08625563973108288
2025-07-12 11:22:06 [Thread-26] INFO  c.s.s.impl.EncryptionServiceImpl - [ENCRYPTFILE] Read 8192 bytes
2025-07-12 11:22:06 [Thread-26] INFO  c.s.s.impl.EncryptionServiceImpl - [ENCRYPTFILE] Wrote 8192 encrypted bytes
2025-07-12 11:22:06 [Thread-26] INFO  c.s.s.impl.EncryptionServiceImpl - [ENCRYPTFILE] Progress callback: 0.09344360970867312
2025-07-12 11:22:06 [Thread-26] INFO  c.s.s.impl.EncryptionServiceImpl - [ENCRYPTFILE] Read 8192 bytes
2025-07-12 11:22:06 [Thread-26] INFO  c.s.s.impl.EncryptionServiceImpl - [ENCRYPTFILE] Wrote 8192 encrypted bytes
2025-07-12 11:22:06 [Thread-26] INFO  c.s.s.impl.EncryptionServiceImpl - [ENCRYPTFILE] Progress callback: 0.10063157968626336
2025-07-12 11:22:06 [Thread-26] INFO  c.s.s.impl.EncryptionServiceImpl - [ENCRYPTFILE] Read 8192 bytes
2025-07-12 11:22:06 [Thread-26] INFO  c.s.s.impl.EncryptionServiceImpl - [ENCRYPTFILE] Wrote 8192 encrypted bytes
2025-07-12 11:22:06 [Thread-26] INFO  c.s.s.impl.EncryptionServiceImpl - [ENCRYPTFILE] Progress callback: 0.1078195496638536
2025-07-12 11:22:06 [Thread-26] INFO  c.s.s.impl.EncryptionServiceImpl - [ENCRYPTFILE] Read 8192 bytes
2025-07-12 11:22:06 [Thread-26] INFO  c.s.s.impl.EncryptionServiceImpl - [ENCRYPTFILE] Wrote 8192 encrypted bytes
2025-07-12 11:22:06 [Thread-26] INFO  c.s.s.impl.EncryptionServiceImpl - [ENCRYPTFILE] Progress callback: 0.11500751964144384
2025-07-12 11:22:06 [Thread-26] INFO  c.s.s.impl.EncryptionServiceImpl - [ENCRYPTFILE] Read 8192 bytes
2025-07-12 11:22:06 [Thread-26] INFO  c.s.s.impl.EncryptionServiceImpl - [ENCRYPTFILE] Wrote 8192 encrypted bytes
2025-07-12 11:22:06 [Thread-26] INFO  c.s.s.impl.EncryptionServiceImpl - [ENCRYPTFILE] Progress callback: 0.12219548961903408
2025-07-12 11:22:06 [Thread-26] INFO  c.s.s.impl.EncryptionServiceImpl - [ENCRYPTFILE] Read 8192 bytes
2025-07-12 11:22:06 [Thread-26] INFO  c.s.s.impl.EncryptionServiceImpl - [ENCRYPTFILE] Wrote 8192 encrypted bytes
2025-07-12 11:22:06 [Thread-26] INFO  c.s.s.impl.EncryptionServiceImpl - [ENCRYPTFILE] Progress callback: 0.1293834595966243
2025-07-12 11:22:06 [Thread-26] INFO  c.s.s.impl.EncryptionServiceImpl - [ENCRYPTFILE] Read 8192 bytes
2025-07-12 11:22:06 [Thread-26] INFO  c.s.s.impl.EncryptionServiceImpl - [ENCRYPTFILE] Wrote 8192 encrypted bytes
2025-07-12 11:22:06 [Thread-26] INFO  c.s.s.impl.EncryptionServiceImpl - [ENCRYPTFILE] Progress callback: 0.13657142957421456
2025-07-12 11:22:06 [Thread-26] INFO  c.s.s.impl.EncryptionServiceImpl - [ENCRYPTFILE] Read 8192 bytes
2025-07-12 11:22:06 [Thread-26] INFO  c.s.s.impl.EncryptionServiceImpl - [ENCRYPTFILE] Wrote 8192 encrypted bytes
2025-07-12 11:22:06 [Thread-26] INFO  c.s.s.impl.EncryptionServiceImpl - [ENCRYPTFILE] Progress callback: 0.1437593995518048
2025-07-12 11:22:06 [Thread-26] INFO  c.s.s.impl.EncryptionServiceImpl - [ENCRYPTFILE] Read 8192 bytes
2025-07-12 11:22:06 [Thread-26] INFO  c.s.s.impl.EncryptionServiceImpl - [ENCRYPTFILE] Wrote 8192 encrypted bytes
2025-07-12 11:22:06 [Thread-26] INFO  c.s.s.impl.EncryptionServiceImpl - [ENCRYPTFILE] Progress callback: 0.15094736952939505
2025-07-12 11:22:06 [Thread-26] INFO  c.s.s.impl.EncryptionServiceImpl - [ENCRYPTFILE] Read 8192 bytes
2025-07-12 11:22:06 [Thread-26] INFO  c.s.s.impl.EncryptionServiceImpl - [ENCRYPTFILE] Wrote 8192 encrypted bytes
2025-07-12 11:22:06 [Thread-26] INFO  c.s.s.impl.EncryptionServiceImpl - [ENCRYPTFILE] Progress callback: 0.15813533950698527
2025-07-12 11:22:06 [Thread-26] INFO  c.s.s.impl.EncryptionServiceImpl - [ENCRYPTFILE] Read 8192 bytes
2025-07-12 11:22:06 [Thread-26] INFO  c.s.s.impl.EncryptionServiceImpl - [ENCRYPTFILE] Wrote 8192 encrypted bytes
2025-07-12 11:22:06 [Thread-26] INFO  c.s.s.impl.EncryptionServiceImpl - [ENCRYPTFILE] Progress callback: 0.16532330948457552
2025-07-12 11:22:06 [Thread-26] INFO  c.s.s.impl.EncryptionServiceImpl - [ENCRYPTFILE] Read 8192 bytes
2025-07-12 11:22:06 [Thread-26] INFO  c.s.s.impl.EncryptionServiceImpl - [ENCRYPTFILE] Wrote 8192 encrypted bytes
2025-07-12 11:22:06 [Thread-26] INFO  c.s.s.impl.EncryptionServiceImpl - [ENCRYPTFILE] Progress callback: 0.17251127946216577
2025-07-12 11:22:06 [Thread-26] INFO  c.s.s.impl.EncryptionServiceImpl - [ENCRYPTFILE] Read 8192 bytes
2025-07-12 11:22:06 [Thread-26] INFO  c.s.s.impl.EncryptionServiceImpl - [ENCRYPTFILE] Wrote 8192 encrypted bytes
2025-07-12 11:22:06 [Thread-26] INFO  c.s.s.impl.EncryptionServiceImpl - [ENCRYPTFILE] Progress callback: 0.17969924943975601
2025-07-12 11:22:06 [Thread-26] INFO  c.s.s.impl.EncryptionServiceImpl - [ENCRYPTFILE] Read 8192 bytes
2025-07-12 11:22:06 [Thread-26] INFO  c.s.s.impl.EncryptionServiceImpl - [ENCRYPTFILE] Wrote 8192 encrypted bytes
2025-07-12 11:22:06 [Thread-26] INFO  c.s.s.impl.EncryptionServiceImpl - [ENCRYPTFILE] Progress callback: 0.18688721941734623
2025-07-12 11:22:06 [Thread-26] INFO  c.s.s.impl.EncryptionServiceImpl - [ENCRYPTFILE] Read 8192 bytes
2025-07-12 11:22:06 [Thread-26] INFO  c.s.s.impl.EncryptionServiceImpl - [ENCRYPTFILE] Wrote 8192 encrypted bytes
2025-07-12 11:22:06 [Thread-26] INFO  c.s.s.impl.EncryptionServiceImpl - [ENCRYPTFILE] Progress callback: 0.19407518939493648
2025-07-12 11:22:06 [Thread-26] INFO  c.s.s.impl.EncryptionServiceImpl - [ENCRYPTFILE] Read 8192 bytes
2025-07-12 11:22:06 [Thread-26] INFO  c.s.s.impl.EncryptionServiceImpl - [ENCRYPTFILE] Wrote 8192 encrypted bytes
2025-07-12 11:22:06 [Thread-26] INFO  c.s.s.impl.EncryptionServiceImpl - [ENCRYPTFILE] Progress callback: 0.20126315937252673
2025-07-12 11:22:06 [Thread-26] INFO  c.s.s.impl.EncryptionServiceImpl - [ENCRYPTFILE] Read 8192 bytes
2025-07-12 11:22:06 [Thread-26] INFO  c.s.s.impl.EncryptionServiceImpl - [ENCRYPTFILE] Wrote 8192 encrypted bytes
2025-07-12 11:22:06 [Thread-26] INFO  c.s.s.impl.EncryptionServiceImpl - [ENCRYPTFILE] Progress callback: 0.20845112935011698
2025-07-12 11:22:06 [Thread-26] INFO  c.s.s.impl.EncryptionServiceImpl - [ENCRYPTFILE] Read 8192 bytes
2025-07-12 11:22:06 [Thread-26] INFO  c.s.s.impl.EncryptionServiceImpl - [ENCRYPTFILE] Wrote 8192 encrypted bytes
2025-07-12 11:22:06 [Thread-26] INFO  c.s.s.impl.EncryptionServiceImpl - [ENCRYPTFILE] Progress callback: 0.2156390993277072
2025-07-12 11:22:06 [Thread-26] INFO  c.s.s.impl.EncryptionServiceImpl - [ENCRYPTFILE] Read 8192 bytes
2025-07-12 11:22:06 [Thread-26] INFO  c.s.s.impl.EncryptionServiceImpl - [ENCRYPTFILE] Wrote 8192 encrypted bytes
2025-07-12 11:22:06 [Thread-26] INFO  c.s.s.impl.EncryptionServiceImpl - [ENCRYPTFILE] Progress callback: 0.22282706930529744
2025-07-12 11:22:06 [Thread-26] INFO  c.s.s.impl.EncryptionServiceImpl - [ENCRYPTFILE] Read 8192 bytes
2025-07-12 11:22:06 [Thread-26] INFO  c.s.s.impl.EncryptionServiceImpl - [ENCRYPTFILE] Wrote 8192 encrypted bytes
2025-07-12 11:22:06 [Thread-26] INFO  c.s.s.impl.EncryptionServiceImpl - [ENCRYPTFILE] Progress callback: 0.2300150392828877
2025-07-12 11:22:06 [Thread-26] INFO  c.s.s.impl.EncryptionServiceImpl - [ENCRYPTFILE] Read 8192 bytes
2025-07-12 11:22:06 [Thread-26] INFO  c.s.s.impl.EncryptionServiceImpl - [ENCRYPTFILE] Wrote 8192 encrypted bytes
2025-07-12 11:22:06 [Thread-26] INFO  c.s.s.impl.EncryptionServiceImpl - [ENCRYPTFILE] Progress callback: 0.2372030092604779
2025-07-12 11:22:06 [Thread-26] INFO  c.s.s.impl.EncryptionServiceImpl - [ENCRYPTFILE] Read 8192 bytes
2025-07-12 11:22:06 [Thread-26] INFO  c.s.s.impl.EncryptionServiceImpl - [ENCRYPTFILE] Wrote 8192 encrypted bytes
2025-07-12 11:22:06 [Thread-26] INFO  c.s.s.impl.EncryptionServiceImpl - [ENCRYPTFILE] Progress callback: 0.24439097923806816
2025-07-12 11:22:06 [Thread-26] INFO  c.s.s.impl.EncryptionServiceImpl - [ENCRYPTFILE] Read 8192 bytes
2025-07-12 11:22:06 [Thread-26] INFO  c.s.s.impl.EncryptionServiceImpl - [ENCRYPTFILE] Wrote 8192 encrypted bytes
2025-07-12 11:22:06 [Thread-26] INFO  c.s.s.impl.EncryptionServiceImpl - [ENCRYPTFILE] Progress callback: 0.2515789492156584
2025-07-12 11:22:06 [Thread-26] INFO  c.s.s.impl.EncryptionServiceImpl - [ENCRYPTFILE] Read 8192 bytes
2025-07-12 11:22:06 [Thread-26] INFO  c.s.s.impl.EncryptionServiceImpl - [ENCRYPTFILE] Wrote 8192 encrypted bytes
2025-07-12 11:22:06 [Thread-26] INFO  c.s.s.impl.EncryptionServiceImpl - [ENCRYPTFILE] Progress callback: 0.2587669191932486
2025-07-12 11:22:06 [Thread-26] INFO  c.s.s.impl.EncryptionServiceImpl - [ENCRYPTFILE] Read 8192 bytes
2025-07-12 11:22:06 [Thread-26] INFO  c.s.s.impl.EncryptionServiceImpl - [ENCRYPTFILE] Wrote 8192 encrypted bytes
2025-07-12 11:22:06 [Thread-26] INFO  c.s.s.impl.EncryptionServiceImpl - [ENCRYPTFILE] Progress callback: 0.26595488917083887
2025-07-12 11:22:06 [Thread-26] INFO  c.s.s.impl.EncryptionServiceImpl - [ENCRYPTFILE] Read 8192 bytes
2025-07-12 11:22:06 [Thread-26] INFO  c.s.s.impl.EncryptionServiceImpl - [ENCRYPTFILE] Wrote 8192 encrypted bytes
2025-07-12 11:22:06 [Thread-26] INFO  c.s.s.impl.EncryptionServiceImpl - [ENCRYPTFILE] Progress callback: 0.2731428591484291
2025-07-12 11:22:06 [Thread-26] INFO  c.s.s.impl.EncryptionServiceImpl - [ENCRYPTFILE] Read 8192 bytes
2025-07-12 11:22:06 [Thread-26] INFO  c.s.s.impl.EncryptionServiceImpl - [ENCRYPTFILE] Wrote 8192 encrypted bytes
2025-07-12 11:22:06 [Thread-26] INFO  c.s.s.impl.EncryptionServiceImpl - [ENCRYPTFILE] Progress callback: 0.28033082912601937
2025-07-12 11:22:06 [Thread-26] INFO  c.s.s.impl.EncryptionServiceImpl - [ENCRYPTFILE] Read 8192 bytes
2025-07-12 11:22:06 [Thread-26] INFO  c.s.s.impl.EncryptionServiceImpl - [ENCRYPTFILE] Wrote 8192 encrypted bytes
2025-07-12 11:22:06 [Thread-26] INFO  c.s.s.impl.EncryptionServiceImpl - [ENCRYPTFILE] Progress callback: 0.2875187991036096
2025-07-12 11:22:06 [Thread-26] INFO  c.s.s.impl.EncryptionServiceImpl - [ENCRYPTFILE] Read 8192 bytes
2025-07-12 11:22:06 [Thread-26] INFO  c.s.s.impl.EncryptionServiceImpl - [ENCRYPTFILE] Wrote 8192 encrypted bytes
2025-07-12 11:22:06 [Thread-26] INFO  c.s.s.impl.EncryptionServiceImpl - [ENCRYPTFILE] Progress callback: 0.29470676908119986
2025-07-12 11:22:06 [Thread-26] INFO  c.s.s.impl.EncryptionServiceImpl - [ENCRYPTFILE] Read 8192 bytes
2025-07-12 11:22:06 [Thread-26] INFO  c.s.s.impl.EncryptionServiceImpl - [ENCRYPTFILE] Wrote 8192 encrypted bytes
2025-07-12 11:22:06 [Thread-26] INFO  c.s.s.impl.EncryptionServiceImpl - [ENCRYPTFILE] Progress callback: 0.3018947390587901
2025-07-12 11:22:06 [Thread-26] INFO  c.s.s.impl.EncryptionServiceImpl - [ENCRYPTFILE] Read 8192 bytes
2025-07-12 11:22:06 [Thread-26] INFO  c.s.s.impl.EncryptionServiceImpl - [ENCRYPTFILE] Wrote 8192 encrypted bytes
2025-07-12 11:22:06 [Thread-26] INFO  c.s.s.impl.EncryptionServiceImpl - [ENCRYPTFILE] Progress callback: 0.3090827090363803
2025-07-12 11:22:06 [Thread-26] INFO  c.s.s.impl.EncryptionServiceImpl - [ENCRYPTFILE] Read 8192 bytes
2025-07-12 11:22:06 [Thread-26] INFO  c.s.s.impl.EncryptionServiceImpl - [ENCRYPTFILE] Wrote 8192 encrypted bytes
2025-07-12 11:22:06 [Thread-26] INFO  c.s.s.impl.EncryptionServiceImpl - [ENCRYPTFILE] Progress callback: 0.31627067901397055
2025-07-12 11:22:06 [Thread-26] INFO  c.s.s.impl.EncryptionServiceImpl - [ENCRYPTFILE] Read 8192 bytes
2025-07-12 11:22:06 [Thread-26] INFO  c.s.s.impl.EncryptionServiceImpl - [ENCRYPTFILE] Wrote 8192 encrypted bytes
2025-07-12 11:22:06 [Thread-26] INFO  c.s.s.impl.EncryptionServiceImpl - [ENCRYPTFILE] Progress callback: 0.3234586489915608
2025-07-12 11:22:06 [Thread-26] INFO  c.s.s.impl.EncryptionServiceImpl - [ENCRYPTFILE] Read 8192 bytes
2025-07-12 11:22:06 [Thread-26] INFO  c.s.s.impl.EncryptionServiceImpl - [ENCRYPTFILE] Wrote 8192 encrypted bytes
2025-07-12 11:22:06 [Thread-26] INFO  c.s.s.impl.EncryptionServiceImpl - [ENCRYPTFILE] Progress callback: 0.33064661896915104
2025-07-12 11:22:06 [Thread-26] INFO  c.s.s.impl.EncryptionServiceImpl - [ENCRYPTFILE] Read 8192 bytes
2025-07-12 11:22:06 [Thread-26] INFO  c.s.s.impl.EncryptionServiceImpl - [ENCRYPTFILE] Wrote 8192 encrypted bytes
2025-07-12 11:22:06 [Thread-26] INFO  c.s.s.impl.EncryptionServiceImpl - [ENCRYPTFILE] Progress callback: 0.3378345889467413
2025-07-12 11:22:06 [Thread-26] INFO  c.s.s.impl.EncryptionServiceImpl - [ENCRYPTFILE] Read 8192 bytes
2025-07-12 11:22:06 [Thread-26] INFO  c.s.s.impl.EncryptionServiceImpl - [ENCRYPTFILE] Wrote 8192 encrypted bytes
2025-07-12 11:22:06 [Thread-26] INFO  c.s.s.impl.EncryptionServiceImpl - [ENCRYPTFILE] Progress callback: 0.34502255892433153
2025-07-12 11:22:06 [Thread-26] INFO  c.s.s.impl.EncryptionServiceImpl - [ENCRYPTFILE] Read 8192 bytes
2025-07-12 11:22:06 [Thread-26] INFO  c.s.s.impl.EncryptionServiceImpl - [ENCRYPTFILE] Wrote 8192 encrypted bytes
2025-07-12 11:22:06 [Thread-26] INFO  c.s.s.impl.EncryptionServiceImpl - [ENCRYPTFILE] Progress callback: 0.3522105289019218
2025-07-12 11:22:06 [Thread-26] INFO  c.s.s.impl.EncryptionServiceImpl - [ENCRYPTFILE] Read 8192 bytes
2025-07-12 11:22:06 [Thread-26] INFO  c.s.s.impl.EncryptionServiceImpl - [ENCRYPTFILE] Wrote 8192 encrypted bytes
2025-07-12 11:22:06 [Thread-26] INFO  c.s.s.impl.EncryptionServiceImpl - [ENCRYPTFILE] Progress callback: 0.35939849887951203
2025-07-12 11:22:06 [Thread-26] INFO  c.s.s.impl.EncryptionServiceImpl - [ENCRYPTFILE] Read 8192 bytes
2025-07-12 11:22:06 [Thread-26] INFO  c.s.s.impl.EncryptionServiceImpl - [ENCRYPTFILE] Wrote 8192 encrypted bytes
2025-07-12 11:22:06 [Thread-26] INFO  c.s.s.impl.EncryptionServiceImpl - [ENCRYPTFILE] Progress callback: 0.3665864688571022
2025-07-12 11:22:06 [Thread-26] INFO  c.s.s.impl.EncryptionServiceImpl - [ENCRYPTFILE] Read 8192 bytes
2025-07-12 11:22:06 [Thread-26] INFO  c.s.s.impl.EncryptionServiceImpl - [ENCRYPTFILE] Wrote 8192 encrypted bytes
2025-07-12 11:22:06 [Thread-26] INFO  c.s.s.impl.EncryptionServiceImpl - [ENCRYPTFILE] Progress callback: 0.37377443883469247
2025-07-12 11:22:06 [Thread-26] INFO  c.s.s.impl.EncryptionServiceImpl - [ENCRYPTFILE] Read 8192 bytes
2025-07-12 11:22:06 [Thread-26] INFO  c.s.s.impl.EncryptionServiceImpl - [ENCRYPTFILE] Wrote 8192 encrypted bytes
2025-07-12 11:22:06 [Thread-26] INFO  c.s.s.impl.EncryptionServiceImpl - [ENCRYPTFILE] Progress callback: 0.3809624088122827
2025-07-12 11:22:06 [Thread-26] INFO  c.s.s.impl.EncryptionServiceImpl - [ENCRYPTFILE] Read 8192 bytes
2025-07-12 11:22:06 [Thread-26] INFO  c.s.s.impl.EncryptionServiceImpl - [ENCRYPTFILE] Wrote 8192 encrypted bytes
2025-07-12 11:22:06 [Thread-26] INFO  c.s.s.impl.EncryptionServiceImpl - [ENCRYPTFILE] Progress callback: 0.38815037878987296
2025-07-12 11:22:06 [Thread-26] INFO  c.s.s.impl.EncryptionServiceImpl - [ENCRYPTFILE] Read 8192 bytes
2025-07-12 11:22:06 [Thread-26] INFO  c.s.s.impl.EncryptionServiceImpl - [ENCRYPTFILE] Wrote 8192 encrypted bytes
2025-07-12 11:22:06 [Thread-26] INFO  c.s.s.impl.EncryptionServiceImpl - [ENCRYPTFILE] Progress callback: 0.3953383487674632
2025-07-12 11:22:06 [Thread-26] INFO  c.s.s.impl.EncryptionServiceImpl - [ENCRYPTFILE] Read 8192 bytes
2025-07-12 11:22:06 [Thread-26] INFO  c.s.s.impl.EncryptionServiceImpl - [ENCRYPTFILE] Wrote 8192 encrypted bytes
2025-07-12 11:22:06 [Thread-26] INFO  c.s.s.impl.EncryptionServiceImpl - [ENCRYPTFILE] Progress callback: 0.40252631874505346
2025-07-12 11:22:06 [Thread-26] INFO  c.s.s.impl.EncryptionServiceImpl - [ENCRYPTFILE] Read 8192 bytes
2025-07-12 11:22:06 [Thread-26] INFO  c.s.s.impl.EncryptionServiceImpl - [ENCRYPTFILE] Wrote 8192 encrypted bytes
2025-07-12 11:22:06 [Thread-26] INFO  c.s.s.impl.EncryptionServiceImpl - [ENCRYPTFILE] Progress callback: 0.4097142887226437
2025-07-12 11:22:06 [Thread-26] INFO  c.s.s.impl.EncryptionServiceImpl - [ENCRYPTFILE] Read 8192 bytes
2025-07-12 11:22:06 [Thread-26] INFO  c.s.s.impl.EncryptionServiceImpl - [ENCRYPTFILE] Wrote 8192 encrypted bytes
2025-07-12 11:22:07 [Thread-26] INFO  c.s.s.impl.EncryptionServiceImpl - [ENCRYPTFILE] Progress callback: 0.41690225870023395
2025-07-12 11:22:07 [Thread-26] INFO  c.s.s.impl.EncryptionServiceImpl - [ENCRYPTFILE] Read 8192 bytes
2025-07-12 11:22:07 [Thread-26] INFO  c.s.s.impl.EncryptionServiceImpl - [ENCRYPTFILE] Wrote 8192 encrypted bytes
2025-07-12 11:22:07 [Thread-26] INFO  c.s.s.impl.EncryptionServiceImpl - [ENCRYPTFILE] Progress callback: 0.42409022867782414
2025-07-12 11:22:07 [Thread-26] INFO  c.s.s.impl.EncryptionServiceImpl - [ENCRYPTFILE] Read 8192 bytes
2025-07-12 11:22:07 [Thread-26] INFO  c.s.s.impl.EncryptionServiceImpl - [ENCRYPTFILE] Wrote 8192 encrypted bytes
2025-07-12 11:22:07 [Thread-26] INFO  c.s.s.impl.EncryptionServiceImpl - [ENCRYPTFILE] Progress callback: 0.4312781986554144
2025-07-12 11:22:07 [Thread-26] INFO  c.s.s.impl.EncryptionServiceImpl - [ENCRYPTFILE] Read 8192 bytes
2025-07-12 11:22:07 [Thread-26] INFO  c.s.s.impl.EncryptionServiceImpl - [ENCRYPTFILE] Wrote 8192 encrypted bytes
2025-07-12 11:22:07 [Thread-26] INFO  c.s.s.impl.EncryptionServiceImpl - [ENCRYPTFILE] Progress callback: 0.43846616863300464
2025-07-12 11:22:07 [Thread-26] INFO  c.s.s.impl.EncryptionServiceImpl - [ENCRYPTFILE] Read 8192 bytes
2025-07-12 11:22:07 [Thread-26] INFO  c.s.s.impl.EncryptionServiceImpl - [ENCRYPTFILE] Wrote 8192 encrypted bytes
2025-07-12 11:22:07 [Thread-26] INFO  c.s.s.impl.EncryptionServiceImpl - [ENCRYPTFILE] Progress callback: 0.4456541386105949
2025-07-12 11:22:07 [Thread-26] INFO  c.s.s.impl.EncryptionServiceImpl - [ENCRYPTFILE] Read 8192 bytes
2025-07-12 11:22:07 [Thread-26] INFO  c.s.s.impl.EncryptionServiceImpl - [ENCRYPTFILE] Wrote 8192 encrypted bytes
2025-07-12 11:22:07 [Thread-26] INFO  c.s.s.impl.EncryptionServiceImpl - [ENCRYPTFILE] Progress callback: 0.45284210858818513
2025-07-12 11:22:07 [Thread-26] INFO  c.s.s.impl.EncryptionServiceImpl - [ENCRYPTFILE] Read 8192 bytes
2025-07-12 11:22:07 [Thread-26] INFO  c.s.s.impl.EncryptionServiceImpl - [ENCRYPTFILE] Wrote 8192 encrypted bytes
2025-07-12 11:22:07 [Thread-26] INFO  c.s.s.impl.EncryptionServiceImpl - [ENCRYPTFILE] Progress callback: 0.4600300785657754
2025-07-12 11:22:07 [Thread-26] INFO  c.s.s.impl.EncryptionServiceImpl - [ENCRYPTFILE] Read 8192 bytes
2025-07-12 11:22:07 [Thread-26] INFO  c.s.s.impl.EncryptionServiceImpl - [ENCRYPTFILE] Wrote 8192 encrypted bytes
2025-07-12 11:22:07 [Thread-26] INFO  c.s.s.impl.EncryptionServiceImpl - [ENCRYPTFILE] Progress callback: 0.4672180485433656
2025-07-12 11:22:07 [Thread-26] INFO  c.s.s.impl.EncryptionServiceImpl - [ENCRYPTFILE] Read 8192 bytes
2025-07-12 11:22:07 [Thread-26] INFO  c.s.s.impl.EncryptionServiceImpl - [ENCRYPTFILE] Wrote 8192 encrypted bytes
2025-07-12 11:22:07 [Thread-26] INFO  c.s.s.impl.EncryptionServiceImpl - [ENCRYPTFILE] Progress callback: 0.4744060185209558
2025-07-12 11:22:07 [Thread-26] INFO  c.s.s.impl.EncryptionServiceImpl - [ENCRYPTFILE] Read 8192 bytes
2025-07-12 11:22:07 [Thread-26] INFO  c.s.s.impl.EncryptionServiceImpl - [ENCRYPTFILE] Wrote 8192 encrypted bytes
2025-07-12 11:22:07 [Thread-26] INFO  c.s.s.impl.EncryptionServiceImpl - [ENCRYPTFILE] Progress callback: 0.48159398849854607
2025-07-12 11:22:07 [Thread-26] INFO  c.s.s.impl.EncryptionServiceImpl - [ENCRYPTFILE] Read 8192 bytes
2025-07-12 11:22:07 [Thread-26] INFO  c.s.s.impl.EncryptionServiceImpl - [ENCRYPTFILE] Wrote 8192 encrypted bytes
2025-07-12 11:22:07 [Thread-26] INFO  c.s.s.impl.EncryptionServiceImpl - [ENCRYPTFILE] Progress callback: 0.4887819584761363
2025-07-12 11:22:07 [Thread-26] INFO  c.s.s.impl.EncryptionServiceImpl - [ENCRYPTFILE] Read 8192 bytes
2025-07-12 11:22:07 [Thread-26] INFO  c.s.s.impl.EncryptionServiceImpl - [ENCRYPTFILE] Wrote 8192 encrypted bytes
2025-07-12 11:22:07 [Thread-26] INFO  c.s.s.impl.EncryptionServiceImpl - [ENCRYPTFILE] Progress callback: 0.49596992845372656
2025-07-12 11:22:07 [Thread-26] INFO  c.s.s.impl.EncryptionServiceImpl - [ENCRYPTFILE] Read 8192 bytes
2025-07-12 11:22:07 [Thread-26] INFO  c.s.s.impl.EncryptionServiceImpl - [ENCRYPTFILE] Wrote 8192 encrypted bytes
2025-07-12 11:22:07 [Thread-26] INFO  c.s.s.impl.EncryptionServiceImpl - [ENCRYPTFILE] Progress callback: 0.5031578984313168
2025-07-12 11:22:07 [Thread-26] INFO  c.s.s.impl.EncryptionServiceImpl - [ENCRYPTFILE] Read 8192 bytes
2025-07-12 11:22:07 [Thread-26] INFO  c.s.s.impl.EncryptionServiceImpl - [ENCRYPTFILE] Wrote 8192 encrypted bytes
2025-07-12 11:22:07 [Thread-26] INFO  c.s.s.impl.EncryptionServiceImpl - [ENCRYPTFILE] Progress callback: 0.510345868408907
2025-07-12 11:22:07 [Thread-26] INFO  c.s.s.impl.EncryptionServiceImpl - [ENCRYPTFILE] Read 8192 bytes
2025-07-12 11:22:07 [Thread-26] INFO  c.s.s.impl.EncryptionServiceImpl - [ENCRYPTFILE] Wrote 8192 encrypted bytes
2025-07-12 11:22:07 [Thread-26] INFO  c.s.s.impl.EncryptionServiceImpl - [ENCRYPTFILE] Progress callback: 0.5175338383864972
2025-07-12 11:22:07 [Thread-26] INFO  c.s.s.impl.EncryptionServiceImpl - [ENCRYPTFILE] Read 8192 bytes
2025-07-12 11:22:07 [Thread-26] INFO  c.s.s.impl.EncryptionServiceImpl - [ENCRYPTFILE] Wrote 8192 encrypted bytes
2025-07-12 11:22:07 [Thread-26] INFO  c.s.s.impl.EncryptionServiceImpl - [ENCRYPTFILE] Progress callback: 0.5247218083640875
2025-07-12 11:22:07 [Thread-26] INFO  c.s.s.impl.EncryptionServiceImpl - [ENCRYPTFILE] Read 8192 bytes
2025-07-12 11:22:07 [Thread-26] INFO  c.s.s.impl.EncryptionServiceImpl - [ENCRYPTFILE] Wrote 8192 encrypted bytes
2025-07-12 11:22:07 [Thread-26] INFO  c.s.s.impl.EncryptionServiceImpl - [ENCRYPTFILE] Progress callback: 0.5319097783416777
2025-07-12 11:22:07 [Thread-26] INFO  c.s.s.impl.EncryptionServiceImpl - [ENCRYPTFILE] Read 8192 bytes
2025-07-12 11:22:07 [Thread-26] INFO  c.s.s.impl.EncryptionServiceImpl - [ENCRYPTFILE] Wrote 8192 encrypted bytes
2025-07-12 11:22:07 [Thread-26] INFO  c.s.s.impl.EncryptionServiceImpl - [ENCRYPTFILE] Progress callback: 0.539097748319268
2025-07-12 11:22:07 [Thread-26] INFO  c.s.s.impl.EncryptionServiceImpl - [ENCRYPTFILE] Read 8192 bytes
2025-07-12 11:22:07 [Thread-26] INFO  c.s.s.impl.EncryptionServiceImpl - [ENCRYPTFILE] Wrote 8192 encrypted bytes
2025-07-12 11:22:07 [Thread-26] INFO  c.s.s.impl.EncryptionServiceImpl - [ENCRYPTFILE] Progress callback: 0.5462857182968582
2025-07-12 11:22:07 [Thread-26] INFO  c.s.s.impl.EncryptionServiceImpl - [ENCRYPTFILE] Read 8192 bytes
2025-07-12 11:22:07 [Thread-26] INFO  c.s.s.impl.EncryptionServiceImpl - [ENCRYPTFILE] Wrote 8192 encrypted bytes
2025-07-12 11:22:07 [Thread-26] INFO  c.s.s.impl.EncryptionServiceImpl - [ENCRYPTFILE] Progress callback: 0.5534736882744485
2025-07-12 11:22:07 [Thread-26] INFO  c.s.s.impl.EncryptionServiceImpl - [ENCRYPTFILE] Read 8192 bytes
2025-07-12 11:22:07 [Thread-26] INFO  c.s.s.impl.EncryptionServiceImpl - [ENCRYPTFILE] Wrote 8192 encrypted bytes
2025-07-12 11:22:07 [Thread-26] INFO  c.s.s.impl.EncryptionServiceImpl - [ENCRYPTFILE] Progress callback: 0.5606616582520387
2025-07-12 11:22:07 [Thread-26] INFO  c.s.s.impl.EncryptionServiceImpl - [ENCRYPTFILE] Read 8192 bytes
2025-07-12 11:22:07 [Thread-26] INFO  c.s.s.impl.EncryptionServiceImpl - [ENCRYPTFILE] Wrote 8192 encrypted bytes
2025-07-12 11:22:07 [Thread-26] INFO  c.s.s.impl.EncryptionServiceImpl - [ENCRYPTFILE] Progress callback: 0.5678496282296289
2025-07-12 11:22:07 [Thread-26] INFO  c.s.s.impl.EncryptionServiceImpl - [ENCRYPTFILE] Read 8192 bytes
2025-07-12 11:22:07 [Thread-26] INFO  c.s.s.impl.EncryptionServiceImpl - [ENCRYPTFILE] Wrote 8192 encrypted bytes
2025-07-12 11:22:07 [Thread-26] INFO  c.s.s.impl.EncryptionServiceImpl - [ENCRYPTFILE] Progress callback: 0.5750375982072192
2025-07-12 11:22:07 [Thread-26] INFO  c.s.s.impl.EncryptionServiceImpl - [ENCRYPTFILE] Read 8192 bytes
2025-07-12 11:22:07 [Thread-26] INFO  c.s.s.impl.EncryptionServiceImpl - [ENCRYPTFILE] Wrote 8192 encrypted bytes
2025-07-12 11:22:07 [Thread-26] INFO  c.s.s.impl.EncryptionServiceImpl - [ENCRYPTFILE] Progress callback: 0.5822255681848094
2025-07-12 11:22:07 [Thread-26] INFO  c.s.s.impl.EncryptionServiceImpl - [ENCRYPTFILE] Read 8192 bytes
2025-07-12 11:22:07 [Thread-26] INFO  c.s.s.impl.EncryptionServiceImpl - [ENCRYPTFILE] Wrote 8192 encrypted bytes
2025-07-12 11:22:07 [Thread-26] INFO  c.s.s.impl.EncryptionServiceImpl - [ENCRYPTFILE] Progress callback: 0.5894135381623997
2025-07-12 11:22:07 [Thread-26] INFO  c.s.s.impl.EncryptionServiceImpl - [ENCRYPTFILE] Read 8192 bytes
2025-07-12 11:22:07 [Thread-26] INFO  c.s.s.impl.EncryptionServiceImpl - [ENCRYPTFILE] Wrote 8192 encrypted bytes
2025-07-12 11:22:07 [Thread-26] INFO  c.s.s.impl.EncryptionServiceImpl - [ENCRYPTFILE] Progress callback: 0.5966015081399899
2025-07-12 11:22:07 [Thread-26] INFO  c.s.s.impl.EncryptionServiceImpl - [ENCRYPTFILE] Read 8192 bytes
2025-07-12 11:22:07 [Thread-26] INFO  c.s.s.impl.EncryptionServiceImpl - [ENCRYPTFILE] Wrote 8192 encrypted bytes
2025-07-12 11:22:07 [Thread-26] INFO  c.s.s.impl.EncryptionServiceImpl - [ENCRYPTFILE] Progress callback: 0.6037894781175802
2025-07-12 11:22:07 [Thread-26] INFO  c.s.s.impl.EncryptionServiceImpl - [ENCRYPTFILE] Read 8192 bytes
2025-07-12 11:22:07 [Thread-26] INFO  c.s.s.impl.EncryptionServiceImpl - [ENCRYPTFILE] Wrote 8192 encrypted bytes
2025-07-12 11:22:07 [Thread-26] INFO  c.s.s.impl.EncryptionServiceImpl - [ENCRYPTFILE] Progress callback: 0.6109774480951704
2025-07-12 11:22:07 [Thread-26] INFO  c.s.s.impl.EncryptionServiceImpl - [ENCRYPTFILE] Read 8192 bytes
2025-07-12 11:22:07 [Thread-26] INFO  c.s.s.impl.EncryptionServiceImpl - [ENCRYPTFILE] Wrote 8192 encrypted bytes
2025-07-12 11:22:07 [Thread-26] INFO  c.s.s.impl.EncryptionServiceImpl - [ENCRYPTFILE] Progress callback: 0.6181654180727606
2025-07-12 11:22:07 [Thread-26] INFO  c.s.s.impl.EncryptionServiceImpl - [ENCRYPTFILE] Read 8192 bytes
2025-07-12 11:22:07 [Thread-26] INFO  c.s.s.impl.EncryptionServiceImpl - [ENCRYPTFILE] Wrote 8192 encrypted bytes
2025-07-12 11:22:07 [Thread-26] INFO  c.s.s.impl.EncryptionServiceImpl - [ENCRYPTFILE] Progress callback: 0.6253533880503509
2025-07-12 11:22:07 [Thread-26] INFO  c.s.s.impl.EncryptionServiceImpl - [ENCRYPTFILE] Read 8192 bytes
2025-07-12 11:22:07 [Thread-26] INFO  c.s.s.impl.EncryptionServiceImpl - [ENCRYPTFILE] Wrote 8192 encrypted bytes
2025-07-12 11:22:07 [Thread-26] INFO  c.s.s.impl.EncryptionServiceImpl - [ENCRYPTFILE] Progress callback: 0.6325413580279411
2025-07-12 11:22:07 [Thread-26] INFO  c.s.s.impl.EncryptionServiceImpl - [ENCRYPTFILE] Read 8192 bytes
2025-07-12 11:22:07 [Thread-26] INFO  c.s.s.impl.EncryptionServiceImpl - [ENCRYPTFILE] Wrote 8192 encrypted bytes
2025-07-12 11:22:07 [Thread-26] INFO  c.s.s.impl.EncryptionServiceImpl - [ENCRYPTFILE] Progress callback: 0.6397293280055314
2025-07-12 11:22:07 [Thread-26] INFO  c.s.s.impl.EncryptionServiceImpl - [ENCRYPTFILE] Read 8192 bytes
2025-07-12 11:22:07 [Thread-26] INFO  c.s.s.impl.EncryptionServiceImpl - [ENCRYPTFILE] Wrote 8192 encrypted bytes
2025-07-12 11:22:07 [Thread-26] INFO  c.s.s.impl.EncryptionServiceImpl - [ENCRYPTFILE] Progress callback: 0.6469172979831216
2025-07-12 11:22:07 [Thread-26] INFO  c.s.s.impl.EncryptionServiceImpl - [ENCRYPTFILE] Read 8192 bytes
2025-07-12 11:22:07 [Thread-26] INFO  c.s.s.impl.EncryptionServiceImpl - [ENCRYPTFILE] Wrote 8192 encrypted bytes
2025-07-12 11:22:07 [Thread-26] INFO  c.s.s.impl.EncryptionServiceImpl - [ENCRYPTFILE] Progress callback: 0.6541052679607119
2025-07-12 11:22:07 [Thread-26] INFO  c.s.s.impl.EncryptionServiceImpl - [ENCRYPTFILE] Read 8192 bytes
2025-07-12 11:22:07 [Thread-26] INFO  c.s.s.impl.EncryptionServiceImpl - [ENCRYPTFILE] Wrote 8192 encrypted bytes
2025-07-12 11:22:07 [Thread-26] INFO  c.s.s.impl.EncryptionServiceImpl - [ENCRYPTFILE] Progress callback: 0.6612932379383021
2025-07-12 11:22:07 [Thread-26] INFO  c.s.s.impl.EncryptionServiceImpl - [ENCRYPTFILE] Read 8192 bytes
2025-07-12 11:22:07 [Thread-26] INFO  c.s.s.impl.EncryptionServiceImpl - [ENCRYPTFILE] Wrote 8192 encrypted bytes
2025-07-12 11:22:07 [Thread-26] INFO  c.s.s.impl.EncryptionServiceImpl - [ENCRYPTFILE] Progress callback: 0.6684812079158923
2025-07-12 11:22:07 [Thread-26] INFO  c.s.s.impl.EncryptionServiceImpl - [ENCRYPTFILE] Read 8192 bytes
2025-07-12 11:22:07 [Thread-26] INFO  c.s.s.impl.EncryptionServiceImpl - [ENCRYPTFILE] Wrote 8192 encrypted bytes
2025-07-12 11:22:07 [Thread-26] INFO  c.s.s.impl.EncryptionServiceImpl - [ENCRYPTFILE] Progress callback: 0.6756691778934826
2025-07-12 11:22:07 [Thread-26] INFO  c.s.s.impl.EncryptionServiceImpl - [ENCRYPTFILE] Read 8192 bytes
2025-07-12 11:22:07 [Thread-26] INFO  c.s.s.impl.EncryptionServiceImpl - [ENCRYPTFILE] Wrote 8192 encrypted bytes
2025-07-12 11:22:07 [Thread-26] INFO  c.s.s.impl.EncryptionServiceImpl - [ENCRYPTFILE] Progress callback: 0.6828571478710728
2025-07-12 11:22:07 [Thread-26] INFO  c.s.s.impl.EncryptionServiceImpl - [ENCRYPTFILE] Read 8192 bytes
2025-07-12 11:22:07 [Thread-26] INFO  c.s.s.impl.EncryptionServiceImpl - [ENCRYPTFILE] Wrote 8192 encrypted bytes
2025-07-12 11:22:07 [Thread-26] INFO  c.s.s.impl.EncryptionServiceImpl - [ENCRYPTFILE] Progress callback: 0.6900451178486631
2025-07-12 11:22:07 [Thread-26] INFO  c.s.s.impl.EncryptionServiceImpl - [ENCRYPTFILE] Read 8192 bytes
2025-07-12 11:22:07 [Thread-26] INFO  c.s.s.impl.EncryptionServiceImpl - [ENCRYPTFILE] Wrote 8192 encrypted bytes
2025-07-12 11:22:07 [Thread-26] INFO  c.s.s.impl.EncryptionServiceImpl - [ENCRYPTFILE] Progress callback: 0.6972330878262533
2025-07-12 11:22:07 [Thread-26] INFO  c.s.s.impl.EncryptionServiceImpl - [ENCRYPTFILE] Read 8192 bytes
2025-07-12 11:22:07 [Thread-26] INFO  c.s.s.impl.EncryptionServiceImpl - [ENCRYPTFILE] Wrote 8192 encrypted bytes
2025-07-12 11:22:07 [Thread-26] INFO  c.s.s.impl.EncryptionServiceImpl - [ENCRYPTFILE] Progress callback: 0.7044210578038436
2025-07-12 11:22:07 [Thread-26] INFO  c.s.s.impl.EncryptionServiceImpl - [ENCRYPTFILE] Read 8192 bytes
2025-07-12 11:22:07 [Thread-26] INFO  c.s.s.impl.EncryptionServiceImpl - [ENCRYPTFILE] Wrote 8192 encrypted bytes
2025-07-12 11:22:07 [Thread-26] INFO  c.s.s.impl.EncryptionServiceImpl - [ENCRYPTFILE] Progress callback: 0.7116090277814338
2025-07-12 11:22:07 [Thread-26] INFO  c.s.s.impl.EncryptionServiceImpl - [ENCRYPTFILE] Read 8192 bytes
2025-07-12 11:22:07 [Thread-26] INFO  c.s.s.impl.EncryptionServiceImpl - [ENCRYPTFILE] Wrote 8192 encrypted bytes
2025-07-12 11:22:07 [Thread-26] INFO  c.s.s.impl.EncryptionServiceImpl - [ENCRYPTFILE] Progress callback: 0.7187969977590241
2025-07-12 11:22:07 [Thread-26] INFO  c.s.s.impl.EncryptionServiceImpl - [ENCRYPTFILE] Read 8192 bytes
2025-07-12 11:22:07 [Thread-26] INFO  c.s.s.impl.EncryptionServiceImpl - [ENCRYPTFILE] Wrote 8192 encrypted bytes
2025-07-12 11:22:07 [Thread-26] INFO  c.s.s.impl.EncryptionServiceImpl - [ENCRYPTFILE] Progress callback: 0.7259849677366143
2025-07-12 11:22:07 [Thread-26] INFO  c.s.s.impl.EncryptionServiceImpl - [ENCRYPTFILE] Read 8192 bytes
2025-07-12 11:22:07 [Thread-26] INFO  c.s.s.impl.EncryptionServiceImpl - [ENCRYPTFILE] Wrote 8192 encrypted bytes
2025-07-12 11:22:07 [Thread-26] INFO  c.s.s.impl.EncryptionServiceImpl - [ENCRYPTFILE] Progress callback: 0.7331729377142044
2025-07-12 11:22:07 [Thread-26] INFO  c.s.s.impl.EncryptionServiceImpl - [ENCRYPTFILE] Read 8192 bytes
2025-07-12 11:22:07 [Thread-26] INFO  c.s.s.impl.EncryptionServiceImpl - [ENCRYPTFILE] Wrote 8192 encrypted bytes
2025-07-12 11:22:07 [Thread-26] INFO  c.s.s.impl.EncryptionServiceImpl - [ENCRYPTFILE] Progress callback: 0.7403609076917947
2025-07-12 11:22:07 [Thread-26] INFO  c.s.s.impl.EncryptionServiceImpl - [ENCRYPTFILE] Read 8192 bytes
2025-07-12 11:22:07 [Thread-26] INFO  c.s.s.impl.EncryptionServiceImpl - [ENCRYPTFILE] Wrote 8192 encrypted bytes
2025-07-12 11:22:07 [Thread-26] INFO  c.s.s.impl.EncryptionServiceImpl - [ENCRYPTFILE] Progress callback: 0.7475488776693849
2025-07-12 11:22:07 [Thread-26] INFO  c.s.s.impl.EncryptionServiceImpl - [ENCRYPTFILE] Read 8192 bytes
2025-07-12 11:22:07 [Thread-26] INFO  c.s.s.impl.EncryptionServiceImpl - [ENCRYPTFILE] Wrote 8192 encrypted bytes
2025-07-12 11:22:07 [Thread-26] INFO  c.s.s.impl.EncryptionServiceImpl - [ENCRYPTFILE] Progress callback: 0.7547368476469752
2025-07-12 11:22:07 [Thread-26] INFO  c.s.s.impl.EncryptionServiceImpl - [ENCRYPTFILE] Read 8192 bytes
2025-07-12 11:22:07 [Thread-26] INFO  c.s.s.impl.EncryptionServiceImpl - [ENCRYPTFILE] Wrote 8192 encrypted bytes
2025-07-12 11:22:07 [Thread-26] INFO  c.s.s.impl.EncryptionServiceImpl - [ENCRYPTFILE] Progress callback: 0.7619248176245654
2025-07-12 11:22:07 [Thread-26] INFO  c.s.s.impl.EncryptionServiceImpl - [ENCRYPTFILE] Read 8192 bytes
2025-07-12 11:22:07 [Thread-26] INFO  c.s.s.impl.EncryptionServiceImpl - [ENCRYPTFILE] Wrote 8192 encrypted bytes
2025-07-12 11:22:07 [Thread-26] INFO  c.s.s.impl.EncryptionServiceImpl - [ENCRYPTFILE] Progress callback: 0.7691127876021557
2025-07-12 11:22:07 [Thread-26] INFO  c.s.s.impl.EncryptionServiceImpl - [ENCRYPTFILE] Read 8192 bytes
2025-07-12 11:22:07 [Thread-26] INFO  c.s.s.impl.EncryptionServiceImpl - [ENCRYPTFILE] Wrote 8192 encrypted bytes
2025-07-12 11:22:07 [Thread-26] INFO  c.s.s.impl.EncryptionServiceImpl - [ENCRYPTFILE] Progress callback: 0.7763007575797459
2025-07-12 11:22:07 [Thread-26] INFO  c.s.s.impl.EncryptionServiceImpl - [ENCRYPTFILE] Read 8192 bytes
2025-07-12 11:22:07 [Thread-26] INFO  c.s.s.impl.EncryptionServiceImpl - [ENCRYPTFILE] Wrote 8192 encrypted bytes
2025-07-12 11:22:07 [Thread-26] INFO  c.s.s.impl.EncryptionServiceImpl - [ENCRYPTFILE] Progress callback: 0.7834887275573361
2025-07-12 11:22:07 [Thread-26] INFO  c.s.s.impl.EncryptionServiceImpl - [ENCRYPTFILE] Read 8192 bytes
2025-07-12 11:22:07 [Thread-26] INFO  c.s.s.impl.EncryptionServiceImpl - [ENCRYPTFILE] Wrote 8192 encrypted bytes
2025-07-12 11:22:07 [Thread-26] INFO  c.s.s.impl.EncryptionServiceImpl - [ENCRYPTFILE] Progress callback: 0.7906766975349264
2025-07-12 11:22:07 [Thread-26] INFO  c.s.s.impl.EncryptionServiceImpl - [ENCRYPTFILE] Read 8192 bytes
2025-07-12 11:22:07 [Thread-26] INFO  c.s.s.impl.EncryptionServiceImpl - [ENCRYPTFILE] Wrote 8192 encrypted bytes
2025-07-12 11:22:07 [Thread-26] INFO  c.s.s.impl.EncryptionServiceImpl - [ENCRYPTFILE] Progress callback: 0.7978646675125166
2025-07-12 11:22:07 [Thread-26] INFO  c.s.s.impl.EncryptionServiceImpl - [ENCRYPTFILE] Read 8192 bytes
2025-07-12 11:22:07 [Thread-26] INFO  c.s.s.impl.EncryptionServiceImpl - [ENCRYPTFILE] Wrote 8192 encrypted bytes
2025-07-12 11:22:07 [Thread-26] INFO  c.s.s.impl.EncryptionServiceImpl - [ENCRYPTFILE] Progress callback: 0.8050526374901069
2025-07-12 11:22:07 [Thread-26] INFO  c.s.s.impl.EncryptionServiceImpl - [ENCRYPTFILE] Read 8192 bytes
2025-07-12 11:22:07 [Thread-26] INFO  c.s.s.impl.EncryptionServiceImpl - [ENCRYPTFILE] Wrote 8192 encrypted bytes
2025-07-12 11:22:07 [Thread-26] INFO  c.s.s.impl.EncryptionServiceImpl - [ENCRYPTFILE] Progress callback: 0.8122406074676971
2025-07-12 11:22:07 [Thread-26] INFO  c.s.s.impl.EncryptionServiceImpl - [ENCRYPTFILE] Read 8192 bytes
2025-07-12 11:22:07 [Thread-26] INFO  c.s.s.impl.EncryptionServiceImpl - [ENCRYPTFILE] Wrote 8192 encrypted bytes
2025-07-12 11:22:07 [Thread-26] INFO  c.s.s.impl.EncryptionServiceImpl - [ENCRYPTFILE] Progress callback: 0.8194285774452874
2025-07-12 11:22:07 [Thread-26] INFO  c.s.s.impl.EncryptionServiceImpl - [ENCRYPTFILE] Read 8192 bytes
2025-07-12 11:22:07 [Thread-26] INFO  c.s.s.impl.EncryptionServiceImpl - [ENCRYPTFILE] Wrote 8192 encrypted bytes
2025-07-12 11:22:07 [Thread-26] INFO  c.s.s.impl.EncryptionServiceImpl - [ENCRYPTFILE] Progress callback: 0.8266165474228776
2025-07-12 11:22:07 [Thread-26] INFO  c.s.s.impl.EncryptionServiceImpl - [ENCRYPTFILE] Read 8192 bytes
2025-07-12 11:22:07 [Thread-26] INFO  c.s.s.impl.EncryptionServiceImpl - [ENCRYPTFILE] Wrote 8192 encrypted bytes
2025-07-12 11:22:07 [Thread-26] INFO  c.s.s.impl.EncryptionServiceImpl - [ENCRYPTFILE] Progress callback: 0.8338045174004679
2025-07-12 11:22:07 [Thread-26] INFO  c.s.s.impl.EncryptionServiceImpl - [ENCRYPTFILE] Read 8192 bytes
2025-07-12 11:22:07 [Thread-26] INFO  c.s.s.impl.EncryptionServiceImpl - [ENCRYPTFILE] Wrote 8192 encrypted bytes
2025-07-12 11:22:07 [Thread-26] INFO  c.s.s.impl.EncryptionServiceImpl - [ENCRYPTFILE] Progress callback: 0.8409924873780581
2025-07-12 11:22:07 [Thread-26] INFO  c.s.s.impl.EncryptionServiceImpl - [ENCRYPTFILE] Read 8192 bytes
2025-07-12 11:22:07 [Thread-26] INFO  c.s.s.impl.EncryptionServiceImpl - [ENCRYPTFILE] Wrote 8192 encrypted bytes
2025-07-12 11:22:07 [Thread-26] INFO  c.s.s.impl.EncryptionServiceImpl - [ENCRYPTFILE] Progress callback: 0.8481804573556483
2025-07-12 11:22:07 [Thread-26] INFO  c.s.s.impl.EncryptionServiceImpl - [ENCRYPTFILE] Read 8192 bytes
2025-07-12 11:22:07 [Thread-26] INFO  c.s.s.impl.EncryptionServiceImpl - [ENCRYPTFILE] Wrote 8192 encrypted bytes
2025-07-12 11:22:07 [Thread-26] INFO  c.s.s.impl.EncryptionServiceImpl - [ENCRYPTFILE] Progress callback: 0.8553684273332386
2025-07-12 11:22:07 [Thread-26] INFO  c.s.s.impl.EncryptionServiceImpl - [ENCRYPTFILE] Read 8192 bytes
2025-07-12 11:22:07 [Thread-26] INFO  c.s.s.impl.EncryptionServiceImpl - [ENCRYPTFILE] Wrote 8192 encrypted bytes
2025-07-12 11:22:07 [Thread-26] INFO  c.s.s.impl.EncryptionServiceImpl - [ENCRYPTFILE] Progress callback: 0.8625563973108288
2025-07-12 11:22:07 [Thread-26] INFO  c.s.s.impl.EncryptionServiceImpl - [ENCRYPTFILE] Read 8192 bytes
2025-07-12 11:22:07 [Thread-26] INFO  c.s.s.impl.EncryptionServiceImpl - [ENCRYPTFILE] Wrote 8192 encrypted bytes
2025-07-12 11:22:07 [Thread-26] INFO  c.s.s.impl.EncryptionServiceImpl - [ENCRYPTFILE] Progress callback: 0.8697443672884191
2025-07-12 11:22:07 [Thread-26] INFO  c.s.s.impl.EncryptionServiceImpl - [ENCRYPTFILE] Read 8192 bytes
2025-07-12 11:22:07 [Thread-26] INFO  c.s.s.impl.EncryptionServiceImpl - [ENCRYPTFILE] Wrote 8192 encrypted bytes
2025-07-12 11:22:07 [Thread-26] INFO  c.s.s.impl.EncryptionServiceImpl - [ENCRYPTFILE] Progress callback: 0.8769323372660093
2025-07-12 11:22:07 [Thread-26] INFO  c.s.s.impl.EncryptionServiceImpl - [ENCRYPTFILE] Read 8192 bytes
2025-07-12 11:22:07 [Thread-26] INFO  c.s.s.impl.EncryptionServiceImpl - [ENCRYPTFILE] Wrote 8192 encrypted bytes
2025-07-12 11:22:07 [Thread-26] INFO  c.s.s.impl.EncryptionServiceImpl - [ENCRYPTFILE] Progress callback: 0.8841203072435996
2025-07-12 11:22:07 [Thread-26] INFO  c.s.s.impl.EncryptionServiceImpl - [ENCRYPTFILE] Read 8192 bytes
2025-07-12 11:22:07 [Thread-26] INFO  c.s.s.impl.EncryptionServiceImpl - [ENCRYPTFILE] Wrote 8192 encrypted bytes
2025-07-12 11:22:07 [Thread-26] INFO  c.s.s.impl.EncryptionServiceImpl - [ENCRYPTFILE] Progress callback: 0.8913082772211898
2025-07-12 11:22:07 [Thread-26] INFO  c.s.s.impl.EncryptionServiceImpl - [ENCRYPTFILE] Read 8192 bytes
2025-07-12 11:22:07 [Thread-26] INFO  c.s.s.impl.EncryptionServiceImpl - [ENCRYPTFILE] Wrote 8192 encrypted bytes
2025-07-12 11:22:07 [Thread-26] INFO  c.s.s.impl.EncryptionServiceImpl - [ENCRYPTFILE] Progress callback: 0.89849624719878
2025-07-12 11:22:07 [Thread-26] INFO  c.s.s.impl.EncryptionServiceImpl - [ENCRYPTFILE] Read 8192 bytes
2025-07-12 11:22:07 [Thread-26] INFO  c.s.s.impl.EncryptionServiceImpl - [ENCRYPTFILE] Wrote 8192 encrypted bytes
2025-07-12 11:22:07 [Thread-26] INFO  c.s.s.impl.EncryptionServiceImpl - [ENCRYPTFILE] Progress callback: 0.9056842171763703
2025-07-12 11:22:07 [Thread-26] INFO  c.s.s.impl.EncryptionServiceImpl - [ENCRYPTFILE] Read 8192 bytes
2025-07-12 11:22:07 [Thread-26] INFO  c.s.s.impl.EncryptionServiceImpl - [ENCRYPTFILE] Wrote 8192 encrypted bytes
2025-07-12 11:22:07 [Thread-26] INFO  c.s.s.impl.EncryptionServiceImpl - [ENCRYPTFILE] Progress callback: 0.9128721871539605
2025-07-12 11:22:07 [Thread-26] INFO  c.s.s.impl.EncryptionServiceImpl - [ENCRYPTFILE] Read 8192 bytes
2025-07-12 11:22:07 [Thread-26] INFO  c.s.s.impl.EncryptionServiceImpl - [ENCRYPTFILE] Wrote 8192 encrypted bytes
2025-07-12 11:22:07 [Thread-26] INFO  c.s.s.impl.EncryptionServiceImpl - [ENCRYPTFILE] Progress callback: 0.9200601571315508
2025-07-12 11:22:07 [Thread-26] INFO  c.s.s.impl.EncryptionServiceImpl - [ENCRYPTFILE] Read 8192 bytes
2025-07-12 11:22:07 [Thread-26] INFO  c.s.s.impl.EncryptionServiceImpl - [ENCRYPTFILE] Wrote 8192 encrypted bytes
2025-07-12 11:22:07 [Thread-26] INFO  c.s.s.impl.EncryptionServiceImpl - [ENCRYPTFILE] Progress callback: 0.927248127109141
2025-07-12 11:22:07 [Thread-26] INFO  c.s.s.impl.EncryptionServiceImpl - [ENCRYPTFILE] Read 8192 bytes
2025-07-12 11:22:07 [Thread-26] INFO  c.s.s.impl.EncryptionServiceImpl - [ENCRYPTFILE] Wrote 8192 encrypted bytes
2025-07-12 11:22:07 [Thread-26] INFO  c.s.s.impl.EncryptionServiceImpl - [ENCRYPTFILE] Progress callback: 0.9344360970867313
2025-07-12 11:22:07 [Thread-26] INFO  c.s.s.impl.EncryptionServiceImpl - [ENCRYPTFILE] Read 8192 bytes
2025-07-12 11:22:07 [Thread-26] INFO  c.s.s.impl.EncryptionServiceImpl - [ENCRYPTFILE] Wrote 8192 encrypted bytes
2025-07-12 11:22:07 [Thread-26] INFO  c.s.s.impl.EncryptionServiceImpl - [ENCRYPTFILE] Progress callback: 0.9416240670643214
2025-07-12 11:22:07 [Thread-26] INFO  c.s.s.impl.EncryptionServiceImpl - [ENCRYPTFILE] Read 8192 bytes
2025-07-12 11:22:07 [Thread-26] INFO  c.s.s.impl.EncryptionServiceImpl - [ENCRYPTFILE] Wrote 8192 encrypted bytes
2025-07-12 11:22:07 [Thread-26] INFO  c.s.s.impl.EncryptionServiceImpl - [ENCRYPTFILE] Progress callback: 0.9488120370419116
2025-07-12 11:22:07 [Thread-26] INFO  c.s.s.impl.EncryptionServiceImpl - [ENCRYPTFILE] Read 8192 bytes
2025-07-12 11:22:07 [Thread-26] INFO  c.s.s.impl.EncryptionServiceImpl - [ENCRYPTFILE] Wrote 8192 encrypted bytes
2025-07-12 11:22:07 [Thread-26] INFO  c.s.s.impl.EncryptionServiceImpl - [ENCRYPTFILE] Progress callback: 0.9560000070195019
2025-07-12 11:22:07 [Thread-26] INFO  c.s.s.impl.EncryptionServiceImpl - [ENCRYPTFILE] Read 8192 bytes
2025-07-12 11:22:07 [Thread-26] INFO  c.s.s.impl.EncryptionServiceImpl - [ENCRYPTFILE] Wrote 8192 encrypted bytes
2025-07-12 11:22:07 [Thread-26] INFO  c.s.s.impl.EncryptionServiceImpl - [ENCRYPTFILE] Progress callback: 0.9631879769970921
2025-07-12 11:22:07 [Thread-26] INFO  c.s.s.impl.EncryptionServiceImpl - [ENCRYPTFILE] Read 8192 bytes
2025-07-12 11:22:07 [Thread-26] INFO  c.s.s.impl.EncryptionServiceImpl - [ENCRYPTFILE] Wrote 8192 encrypted bytes
2025-07-12 11:22:07 [Thread-26] INFO  c.s.s.impl.EncryptionServiceImpl - [ENCRYPTFILE] Progress callback: 0.9703759469746824
2025-07-12 11:22:07 [Thread-26] INFO  c.s.s.impl.EncryptionServiceImpl - [ENCRYPTFILE] Read 8192 bytes
2025-07-12 11:22:07 [Thread-26] INFO  c.s.s.impl.EncryptionServiceImpl - [ENCRYPTFILE] Wrote 8192 encrypted bytes
2025-07-12 11:22:07 [Thread-26] INFO  c.s.s.impl.EncryptionServiceImpl - [ENCRYPTFILE] Progress callback: 0.9775639169522726
2025-07-12 11:22:07 [Thread-26] INFO  c.s.s.impl.EncryptionServiceImpl - [ENCRYPTFILE] Read 8192 bytes
2025-07-12 11:22:07 [Thread-26] INFO  c.s.s.impl.EncryptionServiceImpl - [ENCRYPTFILE] Wrote 8192 encrypted bytes
2025-07-12 11:22:07 [Thread-26] INFO  c.s.s.impl.EncryptionServiceImpl - [ENCRYPTFILE] Progress callback: 0.9847518869298629
2025-07-12 11:22:07 [Thread-26] INFO  c.s.s.impl.EncryptionServiceImpl - [ENCRYPTFILE] Read 8192 bytes
2025-07-12 11:22:07 [Thread-26] INFO  c.s.s.impl.EncryptionServiceImpl - [ENCRYPTFILE] Wrote 8192 encrypted bytes
2025-07-12 11:22:07 [Thread-26] INFO  c.s.s.impl.EncryptionServiceImpl - [ENCRYPTFILE] Progress callback: 0.9919398569074531
2025-07-12 11:22:07 [Thread-26] INFO  c.s.s.impl.EncryptionServiceImpl - [ENCRYPTFILE] Read 8192 bytes
2025-07-12 11:22:07 [Thread-26] INFO  c.s.s.impl.EncryptionServiceImpl - [ENCRYPTFILE] Wrote 8192 encrypted bytes
2025-07-12 11:22:07 [Thread-26] INFO  c.s.s.impl.EncryptionServiceImpl - [ENCRYPTFILE] Progress callback: 0.9991278268850434
2025-07-12 11:22:07 [Thread-26] INFO  c.s.s.impl.EncryptionServiceImpl - [ENCRYPTFILE] Read 994 bytes
2025-07-12 11:22:07 [Thread-26] INFO  c.s.s.impl.EncryptionServiceImpl - [ENCRYPTFILE] Wrote 992 encrypted bytes
2025-07-12 11:22:07 [Thread-26] INFO  c.s.s.impl.EncryptionServiceImpl - [ENCRYPTFILE] Progress callback: 1.0
2025-07-12 11:22:07 [Thread-26] INFO  c.s.s.impl.EncryptionServiceImpl - [ENCRYPTFILE] Wrote final 16 encrypted bytes
2025-07-12 11:22:07 [Thread-26] INFO  c.s.s.impl.EncryptionServiceImpl - [ENCRYPTFILE] Progress callback: 1.0
2025-07-12 11:22:07 [Thread-26] INFO  c.s.s.impl.EncryptionServiceImpl - [ENCRYPTFILE] Finished successfully
2025-07-12 11:25:05 [scheduling-1] DEBUG c.s.service.impl.TransferServiceImpl - Cleaning up completed transfers
2025-07-12 11:25:05 [scheduling-1] DEBUG org.hibernate.SQL - 
    delete 
    from
        sender_transfers 
    where
        start_time<?
2025-07-12 11:25:05 [scheduling-1] DEBUG org.hibernate.SQL - 
    delete 
    from
        receiver_transfers 
    where
        received_time<?
2025-07-12 11:26:00 [JavaFX Application Thread] INFO  c.s.s.impl.P2PConnectionServiceImpl - P2P server stopped
2025-07-12 11:26:00 [JavaFX Application Thread] INFO  c.s.s.impl.P2PConnectionServiceImpl - P2P connection service shutdown complete
2025-07-12 11:26:00 [JavaFX Application Thread] INFO  o.s.o.j.LocalContainerEntityManagerFactoryBean - Closing JPA EntityManagerFactory for persistence unit 'default'
2025-07-12 11:26:00 [JavaFX Application Thread] INFO  com.zaxxer.hikari.HikariDataSource - HikariPool-1 - Shutdown initiated...
2025-07-12 11:26:00 [JavaFX Application Thread] INFO  com.zaxxer.hikari.HikariDataSource - HikariPool-1 - Shutdown completed.
2025-07-12 11:26:09 [pool-11-thread-1] WARN  com.securetransfer.util.UPnPManager - No UPnP gateway device found
2025-07-12 11:26:09 [pool-11-thread-1] WARN  c.s.s.impl.P2PConnectionServiceImpl - Failed to remove WebSocket server UPnP port mapping
2025-07-12 12:54:21 [JavaFX-Launcher] INFO  o.s.boot.SpringApplication - Starting application using Java 21.0.7 with PID 6764 (started by randomguy in /home/randomguy/IdeaProjects/Secure Transfer)
2025-07-12 12:54:21 [JavaFX-Launcher] INFO  o.s.boot.SpringApplication - No active profile set, falling back to 1 default profile: "default"
2025-07-12 12:54:21 [JavaFX-Launcher] INFO  o.s.d.r.c.RepositoryConfigurationDelegate - Bootstrapping Spring Data JPA repositories in DEFAULT mode.
2025-07-12 12:54:21 [JavaFX-Launcher] INFO  o.s.d.r.c.RepositoryConfigurationDelegate - Finished Spring Data repository scanning in 42 ms. Found 3 JPA repository interfaces.
2025-07-12 12:54:22 [JavaFX-Launcher] INFO  o.s.b.w.e.tomcat.TomcatWebServer - Tomcat initialized with port 8080 (http)
2025-07-12 12:54:22 [JavaFX-Launcher] INFO  o.a.catalina.core.StandardService - Starting service [Tomcat]
2025-07-12 12:54:22 [JavaFX-Launcher] INFO  o.a.catalina.core.StandardEngine - Starting Servlet engine: [Apache Tomcat/10.1.19]
2025-07-12 12:54:22 [JavaFX-Launcher] INFO  o.a.c.c.C.[Tomcat].[localhost].[/] - Initializing Spring embedded WebApplicationContext
2025-07-12 12:54:22 [JavaFX-Launcher] INFO  o.s.b.w.s.c.ServletWebServerApplicationContext - Root WebApplicationContext: initialization completed in 895 ms
2025-07-12 12:54:22 [JavaFX-Launcher] INFO  com.zaxxer.hikari.HikariDataSource - HikariPool-1 - Starting...
2025-07-12 12:54:22 [JavaFX-Launcher] INFO  com.zaxxer.hikari.pool.HikariPool - HikariPool-1 - Added connection conn0: url=jdbc:h2:file:./data/securetransfer1 user=SA
2025-07-12 12:54:22 [JavaFX-Launcher] INFO  com.zaxxer.hikari.HikariDataSource - HikariPool-1 - Start completed.
2025-07-12 12:54:22 [JavaFX-Launcher] INFO  o.s.b.a.h.H2ConsoleAutoConfiguration - H2 console available at '/h2-console'. Database available at 'jdbc:h2:file:./data/securetransfer1'
2025-07-12 12:54:22 [JavaFX-Launcher] INFO  o.h.jpa.internal.util.LogHelper - HHH000204: Processing PersistenceUnitInfo [name: default]
2025-07-12 12:54:22 [JavaFX-Launcher] INFO  org.hibernate.Version - HHH000412: Hibernate ORM core version 6.4.4.Final
2025-07-12 12:54:22 [JavaFX-Launcher] INFO  o.h.c.i.RegionFactoryInitiator - HHH000026: Second-level cache disabled
2025-07-12 12:54:23 [JavaFX-Launcher] INFO  o.s.o.j.p.SpringPersistenceUnitInfo - No LoadTimeWeaver setup: ignoring JPA class transformer
2025-07-12 12:54:23 [JavaFX-Launcher] WARN  org.hibernate.orm.deprecation - HHH90000025: H2Dialect does not need to be specified explicitly using 'hibernate.dialect' (remove the property setting and it will be selected by default)
2025-07-12 12:54:23 [JavaFX-Launcher] INFO  o.h.e.t.j.p.i.JtaPlatformInitiator - HHH000489: No JTA platform available (set 'hibernate.transaction.jta.platform' to enable JTA platform integration)
2025-07-12 12:54:23 [JavaFX-Launcher] INFO  o.s.o.j.LocalContainerEntityManagerFactoryBean - Initialized JPA EntityManagerFactory for persistence unit 'default'
2025-07-12 12:54:23 [JavaFX-Launcher] INFO  o.s.d.j.r.query.QueryEnhancerFactory - Hibernate is in classpath; If applicable, HQL parser will be used.
2025-07-12 12:54:24 [JavaFX-Launcher] INFO  c.s.s.impl.EncryptionServiceImpl - Encryption service initialized with provided key
2025-07-12 12:54:24 [JavaFX-Launcher] INFO  c.s.s.i.SecureTransferWebSocketServer - Initializing WebSocket server on port 8445 bound to all interfaces
2025-07-12 12:54:24 [JavaFX-Launcher] WARN  c.s.s.i.SecureTransferWebSocketServer - Could not initialize SSL for WebSocket server, running in non-SSL mode: Unknown object id - S - passed to distinguished name
2025-07-12 12:54:24 [JavaFX-Launcher] INFO  c.s.s.impl.P2PConnectionServiceImpl - Initializing P2P connection service
2025-07-12 12:54:24 [JavaFX-Launcher] INFO  c.s.s.impl.P2PConnectionServiceImpl - P2P server started on port 8444
2025-07-12 12:54:24 [pool-3-thread-1] INFO  c.s.s.impl.P2PConnectionServiceImpl - Listening for incoming P2P connections
2025-07-12 12:54:24 [ForkJoinPool.commonPool-worker-1] INFO  c.s.util.P2PConnectionManager - Attempting to discover connection details via STUN
2025-07-12 12:54:24 [JavaFX-Launcher] WARN  o.s.b.a.o.j.JpaBaseConfiguration$JpaWebConfiguration - spring.jpa.open-in-view is enabled by default. Therefore, database queries may be performed during view rendering. Explicitly configure spring.jpa.open-in-view to disable this warning
2025-07-12 12:54:24 [JavaFX-Launcher] WARN  o.s.b.a.s.s.UserDetailsServiceAutoConfiguration - 

Using generated security password: ab62c188-e161-424f-b26c-718f7dd282ee

This generated password is for development use only. Your security configuration must be updated before running your application in production.

2025-07-12 12:54:24 [JavaFX-Launcher] INFO  o.s.s.web.DefaultSecurityFilterChain - Will secure any request with [org.springframework.security.web.session.DisableEncodeUrlFilter@3a20c45a, org.springframework.security.web.context.request.async.WebAsyncManagerIntegrationFilter@6903881a, org.springframework.security.web.context.SecurityContextHolderFilter@1809bcea, org.springframework.security.web.header.HeaderWriterFilter@555d4f6d, org.springframework.web.filter.CorsFilter@3a6521c7, org.springframework.security.web.authentication.logout.LogoutFilter@5dfa70f, org.springframework.security.web.savedrequest.RequestCacheAwareFilter@d84aed9, org.springframework.security.web.servletapi.SecurityContextHolderAwareRequestFilter@14448eab, org.springframework.security.web.authentication.AnonymousAuthenticationFilter@28349e71, org.springframework.security.web.access.ExceptionTranslationFilter@4818ec03, org.springframework.security.web.access.intercept.AuthorizationFilter@1d69c33f]
2025-07-12 12:54:24 [ForkJoinPool.commonPool-worker-1] INFO  JitsiConfig - Initialized newConfig: merge of application.properties @ file:/home/randomguy/IdeaProjects/Secure%20Transfer/target/classes/application.properties,system properties,reference.conf @ jar:file:/home/randomguy/.m2/repository/org/jitsi/ice4j/3.2-9-gb64c86f/ice4j-3.2-9-gb64c86f.jar!/reference.conf: 1
2025-07-12 12:54:24 [ForkJoinPool.commonPool-worker-1] INFO  o.j.c.ReadOnlyConfigurationService - net.java.sip.communicator.SC_HOME_DIR_LOCATION not set
2025-07-12 12:54:24 [ForkJoinPool.commonPool-worker-1] INFO  JitsiConfig - Initialized legacyConfig: sip communicator props (no description provided)
2025-07-12 12:54:24 [ForkJoinPool.commonPool-worker-1] INFO  o.i.i.h.MappingCandidateHarvesters - Using AwsCandidateHarvester.
2025-07-12 12:54:24 [JavaFX-Launcher] INFO  o.s.b.w.e.tomcat.TomcatWebServer - Tomcat started on port 8080 (http) with context path ''
2025-07-12 12:54:24 [JavaFX-Launcher] INFO  o.s.boot.SpringApplication - Started application in 3.924 seconds (process running for 4.691)
2025-07-12 12:54:24 [scheduling-1] INFO  c.s.s.impl.EncryptionServiceImpl - Encryption key rotated successfully
2025-07-12 12:54:24 [JavaFX-Launcher] INFO  c.s.config.DatabaseStartupListener - Application started - checking database health...
2025-07-12 12:54:24 [scheduling-1] DEBUG c.s.service.impl.TransferServiceImpl - Cleaning up completed transfers
2025-07-12 12:54:25 [scheduling-1] DEBUG org.hibernate.SQL - 
    delete 
    from
        sender_transfers 
    where
        start_time<?
2025-07-12 12:54:25 [scheduling-1] DEBUG org.hibernate.SQL - 
    delete 
    from
        receiver_transfers 
    where
        received_time<?
2025-07-12 12:54:25 [JavaFX-Launcher] DEBUG org.hibernate.SQL - 
    select
        u1_0.id,
        u1_0.active,
        u1_0.created_at,
        u1_0.device_id,
        u1_0.last_login,
        u1_0.password_hash,
        u1_0.user_token,
        u1_0.username 
    from
        users u1_0
2025-07-12 12:54:25 [JavaFX-Launcher] INFO  c.s.util.DatabaseHealthCheck - Database health check: Found 1 users in database
2025-07-12 12:54:25 [JavaFX-Launcher] INFO  c.s.util.DatabaseHealthCheck - Existing users: sender
2025-07-12 12:54:25 [JavaFX Application Thread] WARN  javafx.css - CSS Error parsing file:/home/randomguy/IdeaProjects/Secure%20Transfer/target/classes/styles/global.css: Expected '<color>' while parsing '-fx-background-color' at [333,42]
2025-07-12 12:54:25 [ForkJoinPool.commonPool-worker-1] INFO  o.i.i.h.MappingCandidateHarvesters - Discarding a mapping harvester: org.ice4j.ice.harvest.AwsCandidateHarvester@5351afd9
2025-07-12 12:54:25 [ForkJoinPool.commonPool-worker-1] INFO  o.i.i.h.MappingCandidateHarvesters - Initialized mapping harvesters (delay=622ms).  stunDiscoveryFailed=false
2025-07-12 12:54:25 [ForkJoinPool.commonPool-worker-1] INFO  c.s.util.P2PConnectionManager - Using ICE port range: 5000-5100, preferred port: 5000
2025-07-12 12:54:25 [ForkJoinPool.commonPool-worker-1] INFO  org.ice4j.ice.Agent - Gathering candidates for component data.RTP.
2025-07-12 12:54:25 [ForkJoinPool.commonPool-worker-1] INFO  org.ice4j.ice.Agent - Start ICE connectivity establishment.
2025-07-12 12:54:25 [ForkJoinPool.commonPool-worker-1] INFO  org.ice4j.ice.Agent - Init checklist for stream data
2025-07-12 12:54:25 [ForkJoinPool.commonPool-worker-1] INFO  org.ice4j.ice.Agent - ICE state changed from Waiting to Running.
2025-07-12 12:54:25 [ForkJoinPool.commonPool-worker-1] INFO  o.ice4j.ice.ConnectivityCheckClient - Start connectivity checks.
2025-07-12 12:54:25 [ForkJoinPool.commonPool-worker-1] INFO  c.s.util.P2PConnectionManager - Discovered external IP 27.34.65.131 via STUN
2025-07-12 12:54:25 [ForkJoinPool.commonPool-worker-1] INFO  c.s.s.impl.P2PConnectionServiceImpl - Connection details discovered: ConnectionDetails{localIp='192.168.1.101', externalIp='27.34.65.131', externalPort=8444, portMapped=false, discoveryMethod=STUN}
2025-07-12 12:54:32 [JavaFX-Launcher] INFO  o.s.boot.SpringApplication - Starting application using Java 21.0.7 with PID 7062 (started by randomguy in /home/randomguy/IdeaProjects/Secure Transfer)
2025-07-12 12:54:32 [JavaFX-Launcher] INFO  o.s.boot.SpringApplication - No active profile set, falling back to 1 default profile: "default"
2025-07-12 12:54:32 [JavaFX-Launcher] INFO  o.s.d.r.c.RepositoryConfigurationDelegate - Bootstrapping Spring Data JPA repositories in DEFAULT mode.
2025-07-12 12:54:32 [JavaFX-Launcher] INFO  o.s.d.r.c.RepositoryConfigurationDelegate - Finished Spring Data repository scanning in 36 ms. Found 3 JPA repository interfaces.
2025-07-12 12:54:33 [JavaFX-Launcher] INFO  o.s.b.w.e.tomcat.TomcatWebServer - Tomcat initialized with port 8081 (http)
2025-07-12 12:54:33 [JavaFX-Launcher] INFO  o.a.catalina.core.StandardService - Starting service [Tomcat]
2025-07-12 12:54:33 [JavaFX-Launcher] INFO  o.a.catalina.core.StandardEngine - Starting Servlet engine: [Apache Tomcat/10.1.19]
2025-07-12 12:54:33 [JavaFX-Launcher] INFO  o.a.c.c.C.[Tomcat].[localhost].[/] - Initializing Spring embedded WebApplicationContext
2025-07-12 12:54:33 [JavaFX-Launcher] INFO  o.s.b.w.s.c.ServletWebServerApplicationContext - Root WebApplicationContext: initialization completed in 796 ms
2025-07-12 12:54:33 [JavaFX-Launcher] INFO  com.zaxxer.hikari.HikariDataSource - HikariPool-1 - Starting...
2025-07-12 12:54:33 [JavaFX-Launcher] INFO  com.zaxxer.hikari.pool.HikariPool - HikariPool-1 - Added connection conn0: url=jdbc:h2:file:./data/securetransfer2 user=SA
2025-07-12 12:54:33 [JavaFX-Launcher] INFO  com.zaxxer.hikari.HikariDataSource - HikariPool-1 - Start completed.
2025-07-12 12:54:33 [JavaFX-Launcher] INFO  o.s.b.a.h.H2ConsoleAutoConfiguration - H2 console available at '/h2-console'. Database available at 'jdbc:h2:file:./data/securetransfer2'
2025-07-12 12:54:33 [JavaFX-Launcher] INFO  o.h.jpa.internal.util.LogHelper - HHH000204: Processing PersistenceUnitInfo [name: default]
2025-07-12 12:54:33 [JavaFX-Launcher] INFO  org.hibernate.Version - HHH000412: Hibernate ORM core version 6.4.4.Final
2025-07-12 12:54:33 [JavaFX-Launcher] INFO  o.h.c.i.RegionFactoryInitiator - HHH000026: Second-level cache disabled
2025-07-12 12:54:33 [JavaFX-Launcher] INFO  o.s.o.j.p.SpringPersistenceUnitInfo - No LoadTimeWeaver setup: ignoring JPA class transformer
2025-07-12 12:54:33 [JavaFX-Launcher] WARN  org.hibernate.orm.deprecation - HHH90000025: H2Dialect does not need to be specified explicitly using 'hibernate.dialect' (remove the property setting and it will be selected by default)
2025-07-12 12:54:34 [JavaFX-Launcher] INFO  o.h.e.t.j.p.i.JtaPlatformInitiator - HHH000489: No JTA platform available (set 'hibernate.transaction.jta.platform' to enable JTA platform integration)
2025-07-12 12:54:34 [JavaFX-Launcher] INFO  o.s.o.j.LocalContainerEntityManagerFactoryBean - Initialized JPA EntityManagerFactory for persistence unit 'default'
2025-07-12 12:54:34 [JavaFX-Launcher] INFO  o.s.d.j.r.query.QueryEnhancerFactory - Hibernate is in classpath; If applicable, HQL parser will be used.
2025-07-12 12:54:34 [JavaFX-Launcher] INFO  c.s.s.impl.EncryptionServiceImpl - Encryption service initialized with provided key
2025-07-12 12:54:34 [JavaFX-Launcher] INFO  c.s.s.i.SecureTransferWebSocketServer - Initializing WebSocket server on port 8445 bound to all interfaces
2025-07-12 12:54:35 [JavaFX-Launcher] WARN  c.s.s.i.SecureTransferWebSocketServer - Could not initialize SSL for WebSocket server, running in non-SSL mode: Unknown object id - S - passed to distinguished name
2025-07-12 12:54:35 [JavaFX-Launcher] INFO  c.s.s.impl.P2PConnectionServiceImpl - Initializing P2P connection service
2025-07-12 12:54:35 [JavaFX-Launcher] INFO  c.s.s.impl.P2PConnectionServiceImpl - P2P server started on port 8445
2025-07-12 12:54:35 [pool-3-thread-1] INFO  c.s.s.impl.P2PConnectionServiceImpl - Listening for incoming P2P connections
2025-07-12 12:54:35 [ForkJoinPool.commonPool-worker-1] INFO  c.s.util.P2PConnectionManager - Attempting to discover connection details via STUN
2025-07-12 12:54:35 [JavaFX-Launcher] WARN  o.s.b.a.o.j.JpaBaseConfiguration$JpaWebConfiguration - spring.jpa.open-in-view is enabled by default. Therefore, database queries may be performed during view rendering. Explicitly configure spring.jpa.open-in-view to disable this warning
2025-07-12 12:54:35 [JavaFX-Launcher] WARN  o.s.b.a.s.s.UserDetailsServiceAutoConfiguration - 

Using generated security password: 33c7f975-a997-46b7-bc75-9d3bba65b5b7

This generated password is for development use only. Your security configuration must be updated before running your application in production.

2025-07-12 12:54:35 [ForkJoinPool.commonPool-worker-1] INFO  JitsiConfig - Initialized newConfig: merge of application.properties @ file:/home/randomguy/IdeaProjects/Secure%20Transfer/target/classes/application.properties,system properties,reference.conf @ jar:file:/home/randomguy/.m2/repository/org/jitsi/ice4j/3.2-9-gb64c86f/ice4j-3.2-9-gb64c86f.jar!/reference.conf: 1
2025-07-12 12:54:35 [ForkJoinPool.commonPool-worker-1] INFO  o.j.c.ReadOnlyConfigurationService - net.java.sip.communicator.SC_HOME_DIR_LOCATION not set
2025-07-12 12:54:35 [ForkJoinPool.commonPool-worker-1] INFO  JitsiConfig - Initialized legacyConfig: sip communicator props (no description provided)
2025-07-12 12:54:35 [JavaFX-Launcher] INFO  o.s.s.web.DefaultSecurityFilterChain - Will secure any request with [org.springframework.security.web.session.DisableEncodeUrlFilter@6cdeca3a, org.springframework.security.web.context.request.async.WebAsyncManagerIntegrationFilter@131bdc68, org.springframework.security.web.context.SecurityContextHolderFilter@34cb8f55, org.springframework.security.web.header.HeaderWriterFilter@359890a6, org.springframework.web.filter.CorsFilter@13264bff, org.springframework.security.web.authentication.logout.LogoutFilter@2562d902, org.springframework.security.web.savedrequest.RequestCacheAwareFilter@1ba92e78, org.springframework.security.web.servletapi.SecurityContextHolderAwareRequestFilter@49bf3566, org.springframework.security.web.authentication.AnonymousAuthenticationFilter@1ed2fbdd, org.springframework.security.web.access.ExceptionTranslationFilter@35b4a0f3, org.springframework.security.web.access.intercept.AuthorizationFilter@543561e8]
2025-07-12 12:54:35 [ForkJoinPool.commonPool-worker-1] INFO  o.i.i.h.MappingCandidateHarvesters - Using AwsCandidateHarvester.
2025-07-12 12:54:35 [JavaFX-Launcher] INFO  o.s.b.w.e.tomcat.TomcatWebServer - Tomcat started on port 8081 (http) with context path ''
2025-07-12 12:54:35 [JavaFX-Launcher] INFO  o.s.boot.SpringApplication - Started application in 3.779 seconds (process running for 4.525)
2025-07-12 12:54:35 [scheduling-1] INFO  c.s.s.impl.EncryptionServiceImpl - Encryption key rotated successfully
2025-07-12 12:54:35 [JavaFX-Launcher] INFO  c.s.config.DatabaseStartupListener - Application started - checking database health...
2025-07-12 12:54:35 [scheduling-1] DEBUG c.s.service.impl.TransferServiceImpl - Cleaning up completed transfers
2025-07-12 12:54:35 [scheduling-1] DEBUG org.hibernate.SQL - 
    delete 
    from
        sender_transfers 
    where
        start_time<?
2025-07-12 12:54:35 [scheduling-1] DEBUG org.hibernate.SQL - 
    delete 
    from
        receiver_transfers 
    where
        received_time<?
2025-07-12 12:54:35 [JavaFX-Launcher] DEBUG org.hibernate.SQL - 
    select
        u1_0.id,
        u1_0.active,
        u1_0.created_at,
        u1_0.device_id,
        u1_0.last_login,
        u1_0.password_hash,
        u1_0.user_token,
        u1_0.username 
    from
        users u1_0
2025-07-12 12:54:35 [JavaFX-Launcher] INFO  c.s.util.DatabaseHealthCheck - Database health check: Found 1 users in database
2025-07-12 12:54:35 [JavaFX-Launcher] INFO  c.s.util.DatabaseHealthCheck - Existing users: receiver
2025-07-12 12:54:36 [JavaFX Application Thread] WARN  javafx.css - CSS Error parsing file:/home/randomguy/IdeaProjects/Secure%20Transfer/target/classes/styles/global.css: Expected '<color>' while parsing '-fx-background-color' at [333,42]
2025-07-12 12:54:36 [ForkJoinPool.commonPool-worker-1] INFO  o.i.i.h.MappingCandidateHarvesters - Discarding a mapping harvester: org.ice4j.ice.harvest.AwsCandidateHarvester@5351afd9
2025-07-12 12:54:36 [ForkJoinPool.commonPool-worker-1] INFO  o.i.i.h.MappingCandidateHarvesters - Initialized mapping harvesters (delay=620ms).  stunDiscoveryFailed=false
2025-07-12 12:54:36 [ForkJoinPool.commonPool-worker-1] INFO  c.s.util.P2PConnectionManager - Using ICE port range: 5000-5100, preferred port: 5000
2025-07-12 12:54:36 [ForkJoinPool.commonPool-worker-1] INFO  org.ice4j.ice.Agent - Gathering candidates for component data.RTP.
2025-07-12 12:54:36 [ForkJoinPool.commonPool-worker-1] INFO  o.i.i.harvest.HostCandidateHarvester - Retrying a bind because of a failure to bind to address /2400:1a00:b080:8b1:5acb:c3f5:c0fc:bb4f%wlo1 and port 5000 (Address already in use)
2025-07-12 12:54:36 [ForkJoinPool.commonPool-worker-1] INFO  o.i.i.harvest.HostCandidateHarvester - Retrying a bind because of a failure to bind to address /fe80:0:0:0:4039:e2be:ac07:7f15%wlo1 and port 5000 (Address already in use)
2025-07-12 12:54:36 [ForkJoinPool.commonPool-worker-1] INFO  o.i.i.harvest.HostCandidateHarvester - Retrying a bind because of a failure to bind to address /192.168.1.101 and port 5000 (Address already in use)
2025-07-12 12:54:37 [ForkJoinPool.commonPool-worker-1] INFO  org.ice4j.ice.Agent - Start ICE connectivity establishment.
2025-07-12 12:54:37 [ForkJoinPool.commonPool-worker-1] INFO  org.ice4j.ice.Agent - Init checklist for stream data
2025-07-12 12:54:37 [ForkJoinPool.commonPool-worker-1] INFO  org.ice4j.ice.Agent - ICE state changed from Waiting to Running.
2025-07-12 12:54:37 [ForkJoinPool.commonPool-worker-1] INFO  o.ice4j.ice.ConnectivityCheckClient - Start connectivity checks.
2025-07-12 12:54:40 [JavaFX Application Thread] INFO  c.s.s.impl.P2PConnectionServiceImpl - P2P server stopped
2025-07-12 12:54:40 [JavaFX Application Thread] INFO  c.s.s.impl.P2PConnectionServiceImpl - P2P connection service shutdown complete
2025-07-12 12:54:40 [JavaFX Application Thread] INFO  o.s.o.j.LocalContainerEntityManagerFactoryBean - Closing JPA EntityManagerFactory for persistence unit 'default'
2025-07-12 12:54:40 [JavaFX Application Thread] INFO  com.zaxxer.hikari.HikariDataSource - HikariPool-1 - Shutdown initiated...
2025-07-12 12:54:40 [JavaFX Application Thread] INFO  com.zaxxer.hikari.HikariDataSource - HikariPool-1 - Shutdown completed.
2025-07-12 12:54:42 [JavaFX Application Thread] INFO  c.s.s.impl.P2PConnectionServiceImpl - P2P server stopped
2025-07-12 12:54:42 [JavaFX Application Thread] INFO  c.s.s.impl.P2PConnectionServiceImpl - P2P connection service shutdown complete
2025-07-12 12:54:42 [JavaFX Application Thread] INFO  o.s.o.j.LocalContainerEntityManagerFactoryBean - Closing JPA EntityManagerFactory for persistence unit 'default'
2025-07-12 12:54:42 [JavaFX Application Thread] INFO  com.zaxxer.hikari.HikariDataSource - HikariPool-1 - Shutdown initiated...
2025-07-12 12:54:42 [JavaFX Application Thread] INFO  com.zaxxer.hikari.HikariDataSource - HikariPool-1 - Shutdown completed.
2025-07-12 12:54:46 [ForkJoinPool.commonPool-worker-1] WARN  c.s.util.P2PConnectionManager - Could not determine external IP, falling back to local IP
2025-07-12 12:54:46 [ForkJoinPool.commonPool-worker-1] INFO  c.s.s.impl.P2PConnectionServiceImpl - Connection details discovered: ConnectionDetails{localIp='192.168.1.101', externalIp='192.168.1.101', externalPort=8445, portMapped=false, discoveryMethod=LOCAL_ONLY}
2025-07-12 12:54:49 [pool-11-thread-1] WARN  com.securetransfer.util.UPnPManager - No UPnP gateway device found
2025-07-12 12:54:49 [pool-11-thread-1] WARN  c.s.s.impl.P2PConnectionServiceImpl - Failed to remove WebSocket server UPnP port mapping
2025-07-12 12:54:51 [pool-11-thread-1] WARN  com.securetransfer.util.UPnPManager - No UPnP gateway device found
2025-07-12 12:54:51 [pool-11-thread-1] WARN  c.s.s.impl.P2PConnectionServiceImpl - Failed to remove WebSocket server UPnP port mapping
